<?xml version="1.0" encoding="UTF-8"?>
<testrun name="Debug - Verifier Test" project="com.mentor.nucleus.bp.debug.ui.test" tests="84" started="84" failures="6" errors="0" ignored="0">
  <testsuite name="VerifierTestSuite" time="55708.801">
    <testsuite name="com.mentor.nucleus.bp.debug.test.VerifierTestSuiteI" time="0.39">
      <testcase name="testVerifierTestSuite1" classname="com.mentor.nucleus.bp.debug.test.VerifierTestSuiteI" time="0.39"/>
    </testsuite>
    <testsuite name="com.mentor.nucleus.bp.debug.ui.launch.VerifierLaunchTestSuite" time="54842.455">
      <testsuite name="com.mentor.nucleus.bp.debug.ui.launch.VerifierLaunchConfigurationTests" time="3.791">
        <testcase name="testLaunchConfigurationTree" classname="com.mentor.nucleus.bp.debug.ui.launch.VerifierLaunchConfigurationTests" time="3.791"/>
      </testsuite>
      <testsuite name="com.mentor.nucleus.bp.debug.ui.launch.VerifierLaunchActionTests" time="54838.664">
        <testcase name="testLaunchComponent" classname="com.mentor.nucleus.bp.debug.ui.launch.VerifierLaunchActionTests" time="54838.539"/>
        <testcase name="testLaunchNotAssignedImportedComponent" classname="com.mentor.nucleus.bp.debug.ui.launch.VerifierLaunchActionTests" time="0.125"/>
      </testsuite>
    </testsuite>
    <testsuite name="com.mentor.nucleus.bp.debug.ui.test.execute.VerifierExecuteActionTests" time="61.975">
      <testcase name="testExecuteClassBasedOperationOAL" classname="com.mentor.nucleus.bp.debug.ui.test.execute.VerifierExecuteActionTests" time="6.007"/>
      <testcase name="testExecuteClassBasedOperationNoOAL" classname="com.mentor.nucleus.bp.debug.ui.test.execute.VerifierExecuteActionTests" time="4.915"/>
      <testcase name="testExecuteClassBasedOperationWithParameters" classname="com.mentor.nucleus.bp.debug.ui.test.execute.VerifierExecuteActionTests" time="3.183"/>
      <testcase name="testExecuteSignalAssignedToTransition" classname="com.mentor.nucleus.bp.debug.ui.test.execute.VerifierExecuteActionTests" time="1.701"/>
      <testcase name="testExecuteSignalAssignedToTransitionNoOAL" classname="com.mentor.nucleus.bp.debug.ui.test.execute.VerifierExecuteActionTests" time="2.544"/>
      <testcase name="testExecuteSignalAssignedToTransitionWithParameters" classname="com.mentor.nucleus.bp.debug.ui.test.execute.VerifierExecuteActionTests" time="2.013"/>
      <testcase name="testExecuteSignalNotAssignedToTransition" classname="com.mentor.nucleus.bp.debug.ui.test.execute.VerifierExecuteActionTests" time="4.151"/>
      <testcase name="testExecuteSignalNotAssignedToTransitionNoOAL" classname="com.mentor.nucleus.bp.debug.ui.test.execute.VerifierExecuteActionTests" time="5.742"/>
      <testcase name="testExecuteSignalNotAssignedToTransitionWithParameters" classname="com.mentor.nucleus.bp.debug.ui.test.execute.VerifierExecuteActionTests" time="3.729"/>
      <testcase name="testExecuteInterfaceOperation" classname="com.mentor.nucleus.bp.debug.ui.test.execute.VerifierExecuteActionTests" time="3.417"/>
      <testcase name="testExecuteInterfaceOperationNoOAL" classname="com.mentor.nucleus.bp.debug.ui.test.execute.VerifierExecuteActionTests" time="5.836"/>
      <testcase name="testExecuteInterfaceOperationWithParameters" classname="com.mentor.nucleus.bp.debug.ui.test.execute.VerifierExecuteActionTests" time="3.682"/>
      <testcase name="testTerminateAndRelaunch" classname="com.mentor.nucleus.bp.debug.ui.test.execute.VerifierExecuteActionTests" time="15.055"/>
    </testsuite>
    <testsuite name="com.mentor.nucleus.bp.debug.engine.SignalParameterPassingTest" time="7.726">
      <testcase name="testSignalParameterPassing" classname="com.mentor.nucleus.bp.debug.engine.SignalParameterPassingTest" time="7.726"/>
    </testsuite>
    <testsuite name="com.mentor.nucleus.bp.debug.ui.test.execute.VerifierInterfaceExecutionTests" time="63.132">
      <testcase name="testInterfaceExecutionSignalAssignedToTransition" classname="com.mentor.nucleus.bp.debug.ui.test.execute.VerifierInterfaceExecutionTests" time="4.228"/>
      <testcase name="testInterfaceExecutionSignalNoOALAssignedToTransition" classname="com.mentor.nucleus.bp.debug.ui.test.execute.VerifierInterfaceExecutionTests" time="3.402"/>
      <testcase name="testInterfaceExecutionSignalParametersAssignedToTransition" classname="com.mentor.nucleus.bp.debug.ui.test.execute.VerifierInterfaceExecutionTests" time="3.698"/>
      <testcase name="testInterfaceExecutionSignalWithQueuedEventsBadState" classname="com.mentor.nucleus.bp.debug.ui.test.execute.VerifierInterfaceExecutionTests" time="3.932"/>
      <testcase name="testInterfaceExecutionSignalWithQueuedEventsGoodState" classname="com.mentor.nucleus.bp.debug.ui.test.execute.VerifierInterfaceExecutionTests" time="3.932"/>
      <testcase name="testInterfaceExecutionSignalNotAssignedWithOAL" classname="com.mentor.nucleus.bp.debug.ui.test.execute.VerifierInterfaceExecutionTests" time="3.714"/>
      <testcase name="testInterfaceExecutionSignalNotAssignedWithNoOAL" classname="com.mentor.nucleus.bp.debug.ui.test.execute.VerifierInterfaceExecutionTests" time="3.839"/>
      <testcase name="testInterfaceExecutionSignalNotAssignedCurrentExecutingAction" classname="com.mentor.nucleus.bp.debug.ui.test.execute.VerifierInterfaceExecutionTests" time="3.869"/>
      <testcase name="testInterfaceExecutionSignalNotAssignedWithParameters" classname="com.mentor.nucleus.bp.debug.ui.test.execute.VerifierInterfaceExecutionTests" time="3.698"/>
      <testcase name="testInterfaceExecutionOperationOALVoidReturn" classname="com.mentor.nucleus.bp.debug.ui.test.execute.VerifierInterfaceExecutionTests" time="3.543">
        <failure>junit.framework.AssertionFailedError: Process was not suspended by breakpoint in provided operation.
	at junit.framework.Assert.fail(Assert.java:47)
	at junit.framework.Assert.assertTrue(Assert.java:20)
	at com.mentor.nucleus.bp.debug.ui.test.execute.VerifierInterfaceExecutionTests.testInterfaceExecutionOperationOALVoidReturn(VerifierInterfaceExecutionTests.java:1406)
	at sun.reflect.NativeMethodAccessorImpl.invoke0(Native Method)
	at sun.reflect.NativeMethodAccessorImpl.invoke(Unknown Source)
	at sun.reflect.DelegatingMethodAccessorImpl.invoke(Unknown Source)
	at java.lang.reflect.Method.invoke(Unknown Source)
	at junit.framework.TestCase.runTest(TestCase.java:164)
	at junit.framework.TestCase.runBare(TestCase.java:130)
	at junit.framework.TestResult$1.protect(TestResult.java:106)
	at junit.framework.TestResult.runProtected(TestResult.java:124)
	at junit.framework.TestResult.run(TestResult.java:109)
	at junit.framework.TestCase.run(TestCase.java:120)
	at junit.framework.TestSuite.runTest(TestSuite.java:230)
	at junit.framework.TestSuite.run(TestSuite.java:225)
	at junit.framework.TestSuite.runTest(TestSuite.java:230)
	at junit.framework.TestSuite.run(TestSuite.java:225)
	at org.eclipse.jdt.internal.junit.runner.junit3.JUnit3TestReference.run(JUnit3TestReference.java:130)
	at org.eclipse.jdt.internal.junit.runner.TestExecution.run(TestExecution.java:38)
	at org.eclipse.jdt.internal.junit.runner.RemoteTestRunner.runTests(RemoteTestRunner.java:467)
	at org.eclipse.jdt.internal.junit.runner.RemoteTestRunner.runTests(RemoteTestRunner.java:683)
	at org.eclipse.jdt.internal.junit.runner.RemoteTestRunner.run(RemoteTestRunner.java:390)
	at org.eclipse.pde.internal.junit.runtime.RemotePluginTestRunner.main(RemotePluginTestRunner.java:62)
	at org.eclipse.pde.internal.junit.runtime.UITestApplication$1.run(UITestApplication.java:114)
	at org.eclipse.swt.widgets.RunnableLock.run(RunnableLock.java:35)
	at org.eclipse.swt.widgets.Synchronizer.runAsyncMessages(Synchronizer.java:134)
	at org.eclipse.swt.widgets.Display.runAsyncMessages(Display.java:3885)
	at org.eclipse.swt.widgets.Display.readAndDispatch(Display.java:3506)
	at org.eclipse.ui.internal.Workbench.runEventLoop(Workbench.java:2405)
	at org.eclipse.ui.internal.Workbench.runUI(Workbench.java:2369)
	at org.eclipse.ui.internal.Workbench.access$4(Workbench.java:2221)
	at org.eclipse.ui.internal.Workbench$5.run(Workbench.java:500)
	at org.eclipse.core.databinding.observable.Realm.runWithDefault(Realm.java:332)
	at org.eclipse.ui.internal.Workbench.createAndRunWorkbench(Workbench.java:493)
	at org.eclipse.ui.PlatformUI.createAndRunWorkbench(PlatformUI.java:149)
	at org.eclipse.ui.internal.ide.application.IDEApplication.start(IDEApplication.java:113)
	at org.eclipse.pde.internal.junit.runtime.UITestApplication.start(UITestApplication.java:46)
	at org.eclipse.equinox.internal.app.EclipseAppHandle.run(EclipseAppHandle.java:194)
	at org.eclipse.core.runtime.internal.adaptor.EclipseAppLauncher.runApplication(EclipseAppLauncher.java:110)
	at org.eclipse.core.runtime.internal.adaptor.EclipseAppLauncher.start(EclipseAppLauncher.java:79)
	at org.eclipse.core.runtime.adaptor.EclipseStarter.run(EclipseStarter.java:368)
	at org.eclipse.core.runtime.adaptor.EclipseStarter.run(EclipseStarter.java:179)
	at sun.reflect.NativeMethodAccessorImpl.invoke0(Native Method)
	at sun.reflect.NativeMethodAccessorImpl.invoke(Unknown Source)
	at sun.reflect.DelegatingMethodAccessorImpl.invoke(Unknown Source)
	at java.lang.reflect.Method.invoke(Unknown Source)
	at org.eclipse.equinox.launcher.Main.invokeFramework(Main.java:559)
	at org.eclipse.equinox.launcher.Main.basicRun(Main.java:514)
	at org.eclipse.equinox.launcher.Main.run(Main.java:1311)
	at org.eclipse.equinox.launcher.Main.main(Main.java:1287)

</failure>
      </testcase>
      <testcase name="testInterfaceExectuionOperationOALNonVoidReturn" classname="com.mentor.nucleus.bp.debug.ui.test.execute.VerifierInterfaceExecutionTests" time="3.963"/>
      <testcase name="testInterfaceExecutionOperationNoOALVoidReturn" classname="com.mentor.nucleus.bp.debug.ui.test.execute.VerifierInterfaceExecutionTests" time="3.854"/>
      <testcase name="testInterfaceExecutionOperationNoOALNonVoidReturn" classname="com.mentor.nucleus.bp.debug.ui.test.execute.VerifierInterfaceExecutionTests" time="4.135"/>
      <testcase name="testInterfaceExecutionOperationCurrentExecutingAction" classname="com.mentor.nucleus.bp.debug.ui.test.execute.VerifierInterfaceExecutionTests" time="5.804"/>
      <testcase name="testInterfaceExecutionOperationWithParametersVoidReturn" classname="com.mentor.nucleus.bp.debug.ui.test.execute.VerifierInterfaceExecutionTests" time="3.62">
        <failure>junit.framework.AssertionFailedError: Process was not suspended by breakpoint in provided operation.
	at junit.framework.Assert.fail(Assert.java:47)
	at junit.framework.Assert.assertTrue(Assert.java:20)
	at com.mentor.nucleus.bp.debug.ui.test.execute.VerifierInterfaceExecutionTests.testInterfaceExecutionOperationWithParametersVoidReturn(VerifierInterfaceExecutionTests.java:2086)
	at sun.reflect.NativeMethodAccessorImpl.invoke0(Native Method)
	at sun.reflect.NativeMethodAccessorImpl.invoke(Unknown Source)
	at sun.reflect.DelegatingMethodAccessorImpl.invoke(Unknown Source)
	at java.lang.reflect.Method.invoke(Unknown Source)
	at junit.framework.TestCase.runTest(TestCase.java:164)
	at junit.framework.TestCase.runBare(TestCase.java:130)
	at junit.framework.TestResult$1.protect(TestResult.java:106)
	at junit.framework.TestResult.runProtected(TestResult.java:124)
	at junit.framework.TestResult.run(TestResult.java:109)
	at junit.framework.TestCase.run(TestCase.java:120)
	at junit.framework.TestSuite.runTest(TestSuite.java:230)
	at junit.framework.TestSuite.run(TestSuite.java:225)
	at junit.framework.TestSuite.runTest(TestSuite.java:230)
	at junit.framework.TestSuite.run(TestSuite.java:225)
	at org.eclipse.jdt.internal.junit.runner.junit3.JUnit3TestReference.run(JUnit3TestReference.java:130)
	at org.eclipse.jdt.internal.junit.runner.TestExecution.run(TestExecution.java:38)
	at org.eclipse.jdt.internal.junit.runner.RemoteTestRunner.runTests(RemoteTestRunner.java:467)
	at org.eclipse.jdt.internal.junit.runner.RemoteTestRunner.runTests(RemoteTestRunner.java:683)
	at org.eclipse.jdt.internal.junit.runner.RemoteTestRunner.run(RemoteTestRunner.java:390)
	at org.eclipse.pde.internal.junit.runtime.RemotePluginTestRunner.main(RemotePluginTestRunner.java:62)
	at org.eclipse.pde.internal.junit.runtime.UITestApplication$1.run(UITestApplication.java:114)
	at org.eclipse.swt.widgets.RunnableLock.run(RunnableLock.java:35)
	at org.eclipse.swt.widgets.Synchronizer.runAsyncMessages(Synchronizer.java:134)
	at org.eclipse.swt.widgets.Display.runAsyncMessages(Display.java:3885)
	at org.eclipse.swt.widgets.Display.readAndDispatch(Display.java:3506)
	at org.eclipse.ui.internal.Workbench.runEventLoop(Workbench.java:2405)
	at org.eclipse.ui.internal.Workbench.runUI(Workbench.java:2369)
	at org.eclipse.ui.internal.Workbench.access$4(Workbench.java:2221)
	at org.eclipse.ui.internal.Workbench$5.run(Workbench.java:500)
	at org.eclipse.core.databinding.observable.Realm.runWithDefault(Realm.java:332)
	at org.eclipse.ui.internal.Workbench.createAndRunWorkbench(Workbench.java:493)
	at org.eclipse.ui.PlatformUI.createAndRunWorkbench(PlatformUI.java:149)
	at org.eclipse.ui.internal.ide.application.IDEApplication.start(IDEApplication.java:113)
	at org.eclipse.pde.internal.junit.runtime.UITestApplication.start(UITestApplication.java:46)
	at org.eclipse.equinox.internal.app.EclipseAppHandle.run(EclipseAppHandle.java:194)
	at org.eclipse.core.runtime.internal.adaptor.EclipseAppLauncher.runApplication(EclipseAppLauncher.java:110)
	at org.eclipse.core.runtime.internal.adaptor.EclipseAppLauncher.start(EclipseAppLauncher.java:79)
	at org.eclipse.core.runtime.adaptor.EclipseStarter.run(EclipseStarter.java:368)
	at org.eclipse.core.runtime.adaptor.EclipseStarter.run(EclipseStarter.java:179)
	at sun.reflect.NativeMethodAccessorImpl.invoke0(Native Method)
	at sun.reflect.NativeMethodAccessorImpl.invoke(Unknown Source)
	at sun.reflect.DelegatingMethodAccessorImpl.invoke(Unknown Source)
	at java.lang.reflect.Method.invoke(Unknown Source)
	at org.eclipse.equinox.launcher.Main.invokeFramework(Main.java:559)
	at org.eclipse.equinox.launcher.Main.basicRun(Main.java:514)
	at org.eclipse.equinox.launcher.Main.run(Main.java:1311)
	at org.eclipse.equinox.launcher.Main.main(Main.java:1287)

</failure>
      </testcase>
      <testcase name="testInterfaceExecutionOperationWithParamatersNonVoidReturn" classname="com.mentor.nucleus.bp.debug.ui.test.execute.VerifierInterfaceExecutionTests" time="3.901"/>
    </testsuite>
    <testsuite name="com.mentor.nucleus.bp.debug.engine.VerifierTransitionActionTests" time="11.609">
      <testcase name="testTransitionActions" classname="com.mentor.nucleus.bp.debug.engine.VerifierTransitionActionTests" time="4.119"/>
      <testcase name="testISMTransitionAction" classname="com.mentor.nucleus.bp.debug.engine.VerifierTransitionActionTests" time="3.433"/>
      <testcase name="testCSMTransitionAction" classname="com.mentor.nucleus.bp.debug.engine.VerifierTransitionActionTests" time="4.057"/>
    </testsuite>
    <testsuite name="com.mentor.nucleus.bp.debug.ui.session.tree.VerifierSessionExplorerTests" time="9.971">
      <testcase name="testComponentsInSessionExplorerTree" classname="com.mentor.nucleus.bp.debug.ui.session.tree.VerifierSessionExplorerTests" time="3.62"/>
      <testcase name="testDeleteDisabledForModelElement" classname="com.mentor.nucleus.bp.debug.ui.session.tree.VerifierSessionExplorerTests" time="3.168"/>
      <testcase name="testRenameDisabledForModelElement" classname="com.mentor.nucleus.bp.debug.ui.session.tree.VerifierSessionExplorerTests" time="3.183"/>
    </testsuite>
    <testsuite name="com.mentor.nucleus.bp.debug.engine.ExternalEntityTest" time="3.058">
      <testcase name="testBasicEE" classname="com.mentor.nucleus.bp.debug.engine.ExternalEntityTest" time="3.058"/>
    </testsuite>
    <testsuite name="com.mentor.nucleus.bp.debug.engine.CreateAndGenerateEventTest" time="8.673">
      <testcase name="testBasicCreateAndGenerateEvent" classname="com.mentor.nucleus.bp.debug.engine.CreateAndGenerateEventTest" time="8.673"/>
    </testsuite>
    <testsuite name="com.mentor.nucleus.bp.debug.engine.TimerTest" time="14.352">
      <testcase name="testTimer" classname="com.mentor.nucleus.bp.debug.engine.TimerTest" time="14.352"/>
    </testsuite>
    <testsuite name="com.mentor.nucleus.bp.debug.engine.VerifierCreationTransitionDebugTest" time="5.633">
      <testcase name="testVerifierCreationTransitionBP" classname="com.mentor.nucleus.bp.debug.engine.VerifierCreationTransitionDebugTest" time="5.633"/>
    </testsuite>
    <testsuite name="com.mentor.nucleus.bp.debug.engine.VerifierAuditTest" time="190.212">
      <testcase name="testVerifierAudit" classname="com.mentor.nucleus.bp.debug.engine.VerifierAuditTest" time="26.021"/>
      <testcase name="testVerifierAudit_Warning" classname="com.mentor.nucleus.bp.debug.engine.VerifierAuditTest" time="28.876"/>
      <testcase name="testVerifierAudit_Fatal" classname="com.mentor.nucleus.bp.debug.engine.VerifierAuditTest" time="34.804"/>
      <testcase name="testVerifierAudit_runAllTests" classname="com.mentor.nucleus.bp.debug.engine.VerifierAuditTest" time="100.511"/>
    </testsuite>
    <testsuite name="com.mentor.nucleus.bp.debug.test.breakpoint.BreakpointTest" time="2.246">
      <testcase name="testSetBreakpointOnNewStateTransitionWithLongEventDataList" classname="com.mentor.nucleus.bp.debug.test.breakpoint.BreakpointTest" time="1.123"/>
      <testcase name="testSetBreakpointOnCreationTransitionWithLongEventDataList" classname="com.mentor.nucleus.bp.debug.test.breakpoint.BreakpointTest" time="1.123"/>
    </testsuite>
    <testsuite name="com.mentor.nucleus.bp.debug.engine.VerifierMessageTest" time="36.852">
      <testcase name="testDeclaredToDeclaredRootToRoot" classname="com.mentor.nucleus.bp.debug.engine.VerifierMessageTest" time="13.886"/>
      <testcase name="testDeclaredToReferencedRootToRoot" classname="com.mentor.nucleus.bp.debug.engine.VerifierMessageTest" time="7.723"/>
      <testcase name="testReferencedToDeclaredRootToRoot" classname="com.mentor.nucleus.bp.debug.engine.VerifierMessageTest" time="7.333"/>
      <testcase name="testReferencedToReferencedRootToRoot" classname="com.mentor.nucleus.bp.debug.engine.VerifierMessageTest" time="7.91"/>
    </testsuite>
    <testsuite name="com.mentor.nucleus.bp.debug.engine.MDATest" time="133.144">
      <testcase name="testRunModel" classname="com.mentor.nucleus.bp.debug.engine.MDATest" time="133.144"/>
    </testsuite>
    <testsuite name="com.mentor.nucleus.bp.debug.engine.SendMessageOverDelegationTest" time="49.534">
      <testcase name="testSendInterfaceOperationOverDele" classname="com.mentor.nucleus.bp.debug.engine.SendMessageOverDelegationTest" time="13.167"/>
      <testcase name="testSendInterfaceOperationWithReturnOverLongDele" classname="com.mentor.nucleus.bp.debug.engine.SendMessageOverDelegationTest" time="12.154"/>
      <testcase name="testSendInterfaceOperationWithReturnOutOfLongDele" classname="com.mentor.nucleus.bp.debug.engine.SendMessageOverDelegationTest" time="12.013"/>
      <testcase name="testSendInterfaceSignalOverDele" classname="com.mentor.nucleus.bp.debug.engine.SendMessageOverDelegationTest" time="12.2"/>
    </testsuite>
    <testsuite name="com.mentor.nucleus.bp.debug.ui.test.runtimemsg.TestVerifierRunTimeErrorMsgs_0" time="168.792">
      <testcase name="testA1_C1N1" classname="com.mentor.nucleus.bp.debug.ui.test.runtimemsg.TestVerifierRunTimeErrorMsgs_0" time="10.875"/>
      <testcase name="testA1_C3N3" classname="com.mentor.nucleus.bp.debug.ui.test.runtimemsg.TestVerifierRunTimeErrorMsgs_0" time="8.285"/>
      <testcase name="testA2_C1N1" classname="com.mentor.nucleus.bp.debug.ui.test.runtimemsg.TestVerifierRunTimeErrorMsgs_0" time="7.941"/>
      <testcase name="testA2_C3N3" classname="com.mentor.nucleus.bp.debug.ui.test.runtimemsg.TestVerifierRunTimeErrorMsgs_0" time="8.393"/>
      <testcase name="testA3_C1N1" classname="com.mentor.nucleus.bp.debug.ui.test.runtimemsg.TestVerifierRunTimeErrorMsgs_0" time="8.511"/>
      <testcase name="testA3_C3N3" classname="com.mentor.nucleus.bp.debug.ui.test.runtimemsg.TestVerifierRunTimeErrorMsgs_0" time="8.082"/>
      <testcase name="testA4_C1N1" classname="com.mentor.nucleus.bp.debug.ui.test.runtimemsg.TestVerifierRunTimeErrorMsgs_0" time="7.988"/>
      <testcase name="testA4_C3N3" classname="com.mentor.nucleus.bp.debug.ui.test.runtimemsg.TestVerifierRunTimeErrorMsgs_0" time="8.113"/>
      <testcase name="testA5_C1N1" classname="com.mentor.nucleus.bp.debug.ui.test.runtimemsg.TestVerifierRunTimeErrorMsgs_0" time="7.906"/>
      <testcase name="testA5_C3N3" classname="com.mentor.nucleus.bp.debug.ui.test.runtimemsg.TestVerifierRunTimeErrorMsgs_0" time="8.707"/>
      <testcase name="testA6_C1N1" classname="com.mentor.nucleus.bp.debug.ui.test.runtimemsg.TestVerifierRunTimeErrorMsgs_0" time="7.769"/>
      <testcase name="testA6_C3N3" classname="com.mentor.nucleus.bp.debug.ui.test.runtimemsg.TestVerifierRunTimeErrorMsgs_0" time="8.004"/>
      <testcase name="testA7_C1N1" classname="com.mentor.nucleus.bp.debug.ui.test.runtimemsg.TestVerifierRunTimeErrorMsgs_0" time="8.086"/>
      <testcase name="testA7_C3N3" classname="com.mentor.nucleus.bp.debug.ui.test.runtimemsg.TestVerifierRunTimeErrorMsgs_0" time="8.144"/>
      <testcase name="testA8_C1N1" classname="com.mentor.nucleus.bp.debug.ui.test.runtimemsg.TestVerifierRunTimeErrorMsgs_0" time="7.988"/>
      <testcase name="testA8_C3N3" classname="com.mentor.nucleus.bp.debug.ui.test.runtimemsg.TestVerifierRunTimeErrorMsgs_0" time="8.44"/>
      <testcase name="testA9_C1N1" classname="com.mentor.nucleus.bp.debug.ui.test.runtimemsg.TestVerifierRunTimeErrorMsgs_0" time="7.723"/>
      <testcase name="testA9_C3N3" classname="com.mentor.nucleus.bp.debug.ui.test.runtimemsg.TestVerifierRunTimeErrorMsgs_0" time="9.111"/>
      <testcase name="testA10_C1N1" classname="com.mentor.nucleus.bp.debug.ui.test.runtimemsg.TestVerifierRunTimeErrorMsgs_0" time="7.868"/>
      <testcase name="testA10_C3N3" classname="com.mentor.nucleus.bp.debug.ui.test.runtimemsg.TestVerifierRunTimeErrorMsgs_0" time="10.858"/>
    </testsuite>
    <testsuite name="com.mentor.nucleus.bp.debug.test.RealizedClassTest" time="18.393">
      <testcase name="testExectureTest" classname="com.mentor.nucleus.bp.debug.test.RealizedClassTest" time="18.393">
        <failure>
          <expected>User invoked function: test
LogSuccess:  Correct Value
LogSuccess:  Correct Value
LogSuccess:  Correct Value
LogSuccess:  Correct Value
LogSuccess:  Correct Value
LogSuccess:  Correct Value
LogSuccess:  Correct Value
LogSuccess:  Correct Value
LogSuccess:  Correct Value
LogSuccess:  Correct Value
LogSuccess:  Correct Value
LogSuccess:  Correct Value
LogSuccess:  Correct Value
LogSuccess:  Correct Value
LogSuccess:  Correct Value
LogSuccess:  Correct Value
LogSuccess:  Correct Value
LogSuccess:  Correct Value
LogSuccess:  Correct Value
LogSuccess:  Correct Value
</expected>
          <actual>User invoked function: test
</actual>
          
          
          
          junit.framework.ComparisonFailure: expected:&lt;...ked function: test
[LogSuccess:  Correct Value
LogSuccess:  Correct Value
LogSuccess:  Correct Value
LogSuccess:  Correct Value
LogSuccess:  Correct Value
LogSuccess:  Correct Value
LogSuccess:  Correct Value
LogSuccess:  Correct Value
LogSuccess:  Correct Value
LogSuccess:  Correct Value
LogSuccess:  Correct Value
LogSuccess:  Correct Value
LogSuccess:  Correct Value
LogSuccess:  Correct Value
LogSuccess:  Correct Value
LogSuccess:  Correct Value
LogSuccess:  Correct Value
LogSuccess:  Correct Value
LogSuccess:  Correct Value
LogSuccess:  Correct Value
]&gt; but was:&lt;...ked function: test
[]&gt;
	at junit.framework.Assert.assertEquals(Assert.java:81)
	at junit.framework.Assert.assertEquals(Assert.java:87)
	at com.mentor.nucleus.bp.debug.test.RealizedClassTest.testExectureTest(RealizedClassTest.java:148)
	at sun.reflect.NativeMethodAccessorImpl.invoke0(Native Method)
	at sun.reflect.NativeMethodAccessorImpl.invoke(Unknown Source)
	at sun.reflect.DelegatingMethodAccessorImpl.invoke(Unknown Source)
	at java.lang.reflect.Method.invoke(Unknown Source)
	at junit.framework.TestCase.runTest(TestCase.java:164)
	at junit.framework.TestCase.runBare(TestCase.java:130)
	at junit.framework.TestResult$1.protect(TestResult.java:106)
	at junit.framework.TestResult.runProtected(TestResult.java:124)
	at junit.framework.TestResult.run(TestResult.java:109)
	at junit.framework.TestCase.run(TestCase.java:120)
	at junit.framework.TestSuite.runTest(TestSuite.java:230)
	at junit.framework.TestSuite.run(TestSuite.java:225)
	at junit.framework.TestSuite.runTest(TestSuite.java:230)
	at junit.framework.TestSuite.run(TestSuite.java:225)
	at org.eclipse.jdt.internal.junit.runner.junit3.JUnit3TestReference.run(JUnit3TestReference.java:130)
	at org.eclipse.jdt.internal.junit.runner.TestExecution.run(TestExecution.java:38)
	at org.eclipse.jdt.internal.junit.runner.RemoteTestRunner.runTests(RemoteTestRunner.java:467)
	at org.eclipse.jdt.internal.junit.runner.RemoteTestRunner.runTests(RemoteTestRunner.java:683)
	at org.eclipse.jdt.internal.junit.runner.RemoteTestRunner.run(RemoteTestRunner.java:390)
	at org.eclipse.pde.internal.junit.runtime.RemotePluginTestRunner.main(RemotePluginTestRunner.java:62)
	at org.eclipse.pde.internal.junit.runtime.UITestApplication$1.run(UITestApplication.java:114)
	at org.eclipse.swt.widgets.RunnableLock.run(RunnableLock.java:35)
	at org.eclipse.swt.widgets.Synchronizer.runAsyncMessages(Synchronizer.java:134)
	at org.eclipse.swt.widgets.Display.runAsyncMessages(Display.java:3885)
	at org.eclipse.swt.widgets.Display.readAndDispatch(Display.java:3506)
	at org.eclipse.ui.internal.Workbench.runEventLoop(Workbench.java:2405)
	at org.eclipse.ui.internal.Workbench.runUI(Workbench.java:2369)
	at org.eclipse.ui.internal.Workbench.access$4(Workbench.java:2221)
	at org.eclipse.ui.internal.Workbench$5.run(Workbench.java:500)
	at org.eclipse.core.databinding.observable.Realm.runWithDefault(Realm.java:332)
	at org.eclipse.ui.internal.Workbench.createAndRunWorkbench(Workbench.java:493)
	at org.eclipse.ui.PlatformUI.createAndRunWorkbench(PlatformUI.java:149)
	at org.eclipse.ui.internal.ide.application.IDEApplication.start(IDEApplication.java:113)
	at org.eclipse.pde.internal.junit.runtime.UITestApplication.start(UITestApplication.java:46)
	at org.eclipse.equinox.internal.app.EclipseAppHandle.run(EclipseAppHandle.java:194)
	at org.eclipse.core.runtime.internal.adaptor.EclipseAppLauncher.runApplication(EclipseAppLauncher.java:110)
	at org.eclipse.core.runtime.internal.adaptor.EclipseAppLauncher.start(EclipseAppLauncher.java:79)
	at org.eclipse.core.runtime.adaptor.EclipseStarter.run(EclipseStarter.java:368)
	at org.eclipse.core.runtime.adaptor.EclipseStarter.run(EclipseStarter.java:179)
	at sun.reflect.NativeMethodAccessorImpl.invoke0(Native Method)
	at sun.reflect.NativeMethodAccessorImpl.invoke(Unknown Source)
	at sun.reflect.DelegatingMethodAccessorImpl.invoke(Unknown Source)
	at java.lang.reflect.Method.invoke(Unknown Source)
	at org.eclipse.equinox.launcher.Main.invokeFramework(Main.java:559)
	at org.eclipse.equinox.launcher.Main.basicRun(Main.java:514)
	at org.eclipse.equinox.launcher.Main.run(Main.java:1311)
	at org.eclipse.equinox.launcher.Main.main(Main.java:1287)

</failure>
      </testcase>
    </testsuite>
    <testsuite name="com.mentor.nucleus.bp.debug.engine.VerifierMessageTestGlobals" time="80.654">
      <testcase name="testDeclaredToDeclaredRootToRoot" classname="com.mentor.nucleus.bp.debug.engine.VerifierMessageTestGlobals" time="24.4"/>
      <testcase name="testDeclaredToReferencedRootToRoot" classname="com.mentor.nucleus.bp.debug.engine.VerifierMessageTestGlobals" time="19.701">
        <failure>junit.framework.AssertionFailedError: Results do not contain expected pass messages
Simulation started.
User invoked function: set_up
User invoked function: test
LogInfo:  Test Library::Test Provider::executeOpTest() entered
LogInfo:  Declared Root to Referenced Root Operation Test: pingRequirer entered
LogInfo:  Declared Root to Referenced Root Operation Test: pingProvider entered
LogInfo:  Declared Root to Referenced Root Operation Test: pingRequirerS entered
LogInfo:  Declared Root to Referenced Root Operation Test: pingProviderS entered
LogInfo:  Test Requirer::replyToRequirer() entered from pingProviderS
LogInfo:  Declared Root to Referenced Root Operation Test: Passed.
LogInfo:  Test Library::Test Provider::replyToProvider() entered from pingRequirerS
LogFailure:  By reference argument not updated
LogInteger:  1
LogFailure:  By reference array argument not updated
LogInteger:  2
LogFailure:  By reference SDT member integer argument not updated
LogInteger:  3
LogFailure:  By reference SDT member array argument not updated
LogInteger:  4
LogFailure:  By reference SDT member SDT member integer argument not updated
LogInteger:  5
LogFailure:  By reference SDT member SDT member string argument not updated
LogInfo:  pingRequirer
LogInfo:  Test Requirer::replyToRequirer() entered from pingProvider
LogInfo:  Test Library::Test Provider::replyToProvider() entered from pingRequirer
LogInfo:  Test Requirer::replyToRequirer() entered from execute
LogInfo:  Test Library::Test Provider::executeSignalTest() entered
LogInfo:  Declared Root to Referenced Root Signal Test: pingRequirerSig entered
LogFailure:  Unexpected value in pingRequirerSig: &gt;execute, pingRequirer&lt;
LogInfo:  Test Requirer::replyToRequirer() entered from execute
LogInfo:  Declared Root to Referenced Root Signal Test: pingProviderSig entered
LogInfo:  Declared Root to Referenced Root Signal Test: pingRequirerSigS entered
LogInfo:  Test Requirer::replyToRequirer() entered from pingProviderSig
LogInfo:  Declared Root to Referenced Root Signal Test: pingProviderSigS entered
LogInteger:  3
LogInteger:  4
LogInteger:  6
LogInteger:  7
LogInteger:  8
LogInfo:  pingRequirerSigS
LogInfo:  Test Library::Test Provider::replyToProvider() entered from pingRequirerSigS
LogInfo:  Declared Root to Referenced Root Signal Test: Unexpected value(s) found.
User invoked function: tear_down

	at junit.framework.Assert.fail(Assert.java:47)
	at com.mentor.nucleus.bp.debug.engine.VerifierMessageTestGlobals.performMessageTestFromComponent(VerifierMessageTestGlobals.java:475)
	at com.mentor.nucleus.bp.debug.engine.VerifierMessageTestGlobals.testDeclaredToReferencedRootToRoot(VerifierMessageTestGlobals.java:135)
	at sun.reflect.NativeMethodAccessorImpl.invoke0(Native Method)
	at sun.reflect.NativeMethodAccessorImpl.invoke(Unknown Source)
	at sun.reflect.DelegatingMethodAccessorImpl.invoke(Unknown Source)
	at java.lang.reflect.Method.invoke(Unknown Source)
	at junit.framework.TestCase.runTest(TestCase.java:164)
	at junit.framework.TestCase.runBare(TestCase.java:130)
	at junit.framework.TestResult$1.protect(TestResult.java:106)
	at junit.framework.TestResult.runProtected(TestResult.java:124)
	at junit.framework.TestResult.run(TestResult.java:109)
	at junit.framework.TestCase.run(TestCase.java:120)
	at junit.framework.TestSuite.runTest(TestSuite.java:230)
	at junit.framework.TestSuite.run(TestSuite.java:225)
	at junit.framework.TestSuite.runTest(TestSuite.java:230)
	at junit.framework.TestSuite.run(TestSuite.java:225)
	at org.eclipse.jdt.internal.junit.runner.junit3.JUnit3TestReference.run(JUnit3TestReference.java:130)
	at org.eclipse.jdt.internal.junit.runner.TestExecution.run(TestExecution.java:38)
	at org.eclipse.jdt.internal.junit.runner.RemoteTestRunner.runTests(RemoteTestRunner.java:467)
	at org.eclipse.jdt.internal.junit.runner.RemoteTestRunner.runTests(RemoteTestRunner.java:683)
	at org.eclipse.jdt.internal.junit.runner.RemoteTestRunner.run(RemoteTestRunner.java:390)
	at org.eclipse.pde.internal.junit.runtime.RemotePluginTestRunner.main(RemotePluginTestRunner.java:62)
	at org.eclipse.pde.internal.junit.runtime.UITestApplication$1.run(UITestApplication.java:114)
	at org.eclipse.swt.widgets.RunnableLock.run(RunnableLock.java:35)
	at org.eclipse.swt.widgets.Synchronizer.runAsyncMessages(Synchronizer.java:134)
	at org.eclipse.swt.widgets.Display.runAsyncMessages(Display.java:3885)
	at org.eclipse.swt.widgets.Display.readAndDispatch(Display.java:3506)
	at org.eclipse.ui.internal.Workbench.runEventLoop(Workbench.java:2405)
	at org.eclipse.ui.internal.Workbench.runUI(Workbench.java:2369)
	at org.eclipse.ui.internal.Workbench.access$4(Workbench.java:2221)
	at org.eclipse.ui.internal.Workbench$5.run(Workbench.java:500)
	at org.eclipse.core.databinding.observable.Realm.runWithDefault(Realm.java:332)
	at org.eclipse.ui.internal.Workbench.createAndRunWorkbench(Workbench.java:493)
	at org.eclipse.ui.PlatformUI.createAndRunWorkbench(PlatformUI.java:149)
	at org.eclipse.ui.internal.ide.application.IDEApplication.start(IDEApplication.java:113)
	at org.eclipse.pde.internal.junit.runtime.UITestApplication.start(UITestApplication.java:46)
	at org.eclipse.equinox.internal.app.EclipseAppHandle.run(EclipseAppHandle.java:194)
	at org.eclipse.core.runtime.internal.adaptor.EclipseAppLauncher.runApplication(EclipseAppLauncher.java:110)
	at org.eclipse.core.runtime.internal.adaptor.EclipseAppLauncher.start(EclipseAppLauncher.java:79)
	at org.eclipse.core.runtime.adaptor.EclipseStarter.run(EclipseStarter.java:368)
	at org.eclipse.core.runtime.adaptor.EclipseStarter.run(EclipseStarter.java:179)
	at sun.reflect.NativeMethodAccessorImpl.invoke0(Native Method)
	at sun.reflect.NativeMethodAccessorImpl.invoke(Unknown Source)
	at sun.reflect.DelegatingMethodAccessorImpl.invoke(Unknown Source)
	at java.lang.reflect.Method.invoke(Unknown Source)
	at org.eclipse.equinox.launcher.Main.invokeFramework(Main.java:559)
	at org.eclipse.equinox.launcher.Main.basicRun(Main.java:514)
	at org.eclipse.equinox.launcher.Main.run(Main.java:1311)
	at org.eclipse.equinox.launcher.Main.main(Main.java:1287)

</failure>
      </testcase>
      <testcase name="testReferencedToDeclaredRootToRoot" classname="com.mentor.nucleus.bp.debug.engine.VerifierMessageTestGlobals" time="18.018">
        <failure>junit.framework.AssertionFailedError: Results do not contain expected pass messages
Simulation started.
User invoked function: set_up
User invoked function: test
LogInfo:  Test Provider::executeOpTest() entered
LogInfo:  Referenced Operation Test: pingRequirer entered
LogInfo:  Referenced Operation Test: pingProvider entered
LogInfo:  Referenced Operation Test: pingRequirerS entered
LogInfo:  Referenced Operation Test: pingProviderS entered
LogInfo:  Test Library::Test Requirer::replyToRequirer() entered from pingProviderS
LogInfo:  Referenced Operation Test: Passed.
LogInfo:  Test Provider::replyToProvider() entered from pingRequirerS
LogFailure:  By reference argument not updated
LogInteger:  1
LogFailure:  By reference array argument not updated
LogInteger:  2
LogFailure:  By reference SDT member integer argument not updated
LogInteger:  3
LogFailure:  By reference SDT member array argument not updated
LogInteger:  4
LogFailure:  By reference SDT member SDT member integer argument not updated
LogInteger:  5
LogFailure:  By reference SDT member SDT member string argument not updated
LogInfo:  pingRequirer
LogInfo:  Test Library::Test Requirer::replyToRequirer() entered from pingProvider
LogInfo:  Test Provider::replyToProvider() entered from pingRequirer
LogInfo:  Test Library::Test Requirer::replyToRequirer() entered from execute
LogInfo:  Test Provider::executeSignalTest() entered
LogInfo:  Referenced Signal Test: pingRequirerSig entered
LogFailure:  Unexpected value in pingRequirerSig: &gt;execute, pingRequirer&lt;
LogInfo:  Test Library::Test Requirer::replyToRequirer() entered from execute
LogInfo:  Referenced Signal Test: pingProviderSig entered
LogInfo:  Test Provider::replyToProvider() entered from pingRequirerSig
LogInfo:  Referenced Signal Test: pingRequirerSigS entered
LogInfo:  Test Library::Test Requirer::replyToRequirer() entered from pingProviderSig
LogInfo:  Referenced Signal Test: pingProviderSigS entered
LogInteger:  3
LogInteger:  4
LogInteger:  6
LogInteger:  7
LogInteger:  8
LogInfo:  pingRequirerSigS
LogInfo:  Test Provider::replyToProvider() entered from pingRequirerSigS
LogInfo:  Test Library::Test Requirer::replyToRequirer() entered from pingProviderSigS
LogInfo:  Referenced Signal Test: Unexpected value(s) found.
User invoked function: tear_down

	at junit.framework.Assert.fail(Assert.java:47)
	at com.mentor.nucleus.bp.debug.engine.VerifierMessageTestGlobals.performMessageTestFromReference(VerifierMessageTestGlobals.java:311)
	at com.mentor.nucleus.bp.debug.engine.VerifierMessageTestGlobals.testReferencedToDeclaredRootToRoot(VerifierMessageTestGlobals.java:141)
	at sun.reflect.NativeMethodAccessorImpl.invoke0(Native Method)
	at sun.reflect.NativeMethodAccessorImpl.invoke(Unknown Source)
	at sun.reflect.DelegatingMethodAccessorImpl.invoke(Unknown Source)
	at java.lang.reflect.Method.invoke(Unknown Source)
	at junit.framework.TestCase.runTest(TestCase.java:164)
	at junit.framework.TestCase.runBare(TestCase.java:130)
	at junit.framework.TestResult$1.protect(TestResult.java:106)
	at junit.framework.TestResult.runProtected(TestResult.java:124)
	at junit.framework.TestResult.run(TestResult.java:109)
	at junit.framework.TestCase.run(TestCase.java:120)
	at junit.framework.TestSuite.runTest(TestSuite.java:230)
	at junit.framework.TestSuite.run(TestSuite.java:225)
	at junit.framework.TestSuite.runTest(TestSuite.java:230)
	at junit.framework.TestSuite.run(TestSuite.java:225)
	at org.eclipse.jdt.internal.junit.runner.junit3.JUnit3TestReference.run(JUnit3TestReference.java:130)
	at org.eclipse.jdt.internal.junit.runner.TestExecution.run(TestExecution.java:38)
	at org.eclipse.jdt.internal.junit.runner.RemoteTestRunner.runTests(RemoteTestRunner.java:467)
	at org.eclipse.jdt.internal.junit.runner.RemoteTestRunner.runTests(RemoteTestRunner.java:683)
	at org.eclipse.jdt.internal.junit.runner.RemoteTestRunner.run(RemoteTestRunner.java:390)
	at org.eclipse.pde.internal.junit.runtime.RemotePluginTestRunner.main(RemotePluginTestRunner.java:62)
	at org.eclipse.pde.internal.junit.runtime.UITestApplication$1.run(UITestApplication.java:114)
	at org.eclipse.swt.widgets.RunnableLock.run(RunnableLock.java:35)
	at org.eclipse.swt.widgets.Synchronizer.runAsyncMessages(Synchronizer.java:134)
	at org.eclipse.swt.widgets.Display.runAsyncMessages(Display.java:3885)
	at org.eclipse.swt.widgets.Display.readAndDispatch(Display.java:3506)
	at org.eclipse.ui.internal.Workbench.runEventLoop(Workbench.java:2405)
	at org.eclipse.ui.internal.Workbench.runUI(Workbench.java:2369)
	at org.eclipse.ui.internal.Workbench.access$4(Workbench.java:2221)
	at org.eclipse.ui.internal.Workbench$5.run(Workbench.java:500)
	at org.eclipse.core.databinding.observable.Realm.runWithDefault(Realm.java:332)
	at org.eclipse.ui.internal.Workbench.createAndRunWorkbench(Workbench.java:493)
	at org.eclipse.ui.PlatformUI.createAndRunWorkbench(PlatformUI.java:149)
	at org.eclipse.ui.internal.ide.application.IDEApplication.start(IDEApplication.java:113)
	at org.eclipse.pde.internal.junit.runtime.UITestApplication.start(UITestApplication.java:46)
	at org.eclipse.equinox.internal.app.EclipseAppHandle.run(EclipseAppHandle.java:194)
	at org.eclipse.core.runtime.internal.adaptor.EclipseAppLauncher.runApplication(EclipseAppLauncher.java:110)
	at org.eclipse.core.runtime.internal.adaptor.EclipseAppLauncher.start(EclipseAppLauncher.java:79)
	at org.eclipse.core.runtime.adaptor.EclipseStarter.run(EclipseStarter.java:368)
	at org.eclipse.core.runtime.adaptor.EclipseStarter.run(EclipseStarter.java:179)
	at sun.reflect.NativeMethodAccessorImpl.invoke0(Native Method)
	at sun.reflect.NativeMethodAccessorImpl.invoke(Unknown Source)
	at sun.reflect.DelegatingMethodAccessorImpl.invoke(Unknown Source)
	at java.lang.reflect.Method.invoke(Unknown Source)
	at org.eclipse.equinox.launcher.Main.invokeFramework(Main.java:559)
	at org.eclipse.equinox.launcher.Main.basicRun(Main.java:514)
	at org.eclipse.equinox.launcher.Main.run(Main.java:1311)
	at org.eclipse.equinox.launcher.Main.main(Main.java:1287)

</failure>
      </testcase>
      <testcase name="testReferencedToReferencedRootToRoot" classname="com.mentor.nucleus.bp.debug.engine.VerifierMessageTestGlobals" time="18.535">
        <failure>junit.framework.AssertionFailedError: Results do not contain expected pass messages
Simulation started.
User invoked function: set_up
User invoked function: test
LogInfo:  Test Library::Test Provider::executeOpTest() entered
LogInfo:  Referenced Operation Test: pingRequirer entered
LogInfo:  Referenced Operation Test: pingProvider entered
LogInfo:  Referenced Operation Test: pingRequirerS entered
LogInfo:  Referenced Operation Test: pingProviderS entered
LogInfo:  Test Library::Test Requirer::replyToRequirer() entered from pingProviderS
LogInfo:  Referenced Operation Test: Passed.
LogInfo:  Test Library::Test Provider::replyToProvider() entered from pingRequirerS
LogInfo:  Test Library::Test Provider::replyToProvider() entered from pingRequirer
LogFailure:  By reference argument not updated
LogInteger:  1
LogFailure:  By reference array argument not updated
LogInteger:  2
LogFailure:  By reference SDT member integer argument not updated
LogInteger:  3
LogFailure:  By reference SDT member array argument not updated
LogInteger:  4
LogFailure:  By reference SDT member SDT member integer argument not updated
LogInteger:  5
LogFailure:  By reference SDT member SDT member string argument not updated
LogInfo:  pingRequirer
LogInfo:  Test Library::Test Requirer::replyToRequirer() entered from pingProvider
LogInfo:  Test Library::Test Requirer::replyToRequirer() entered from execute
LogInfo:  Test Library::Test Provider::executeSignalTest() entered
LogInfo:  Referenced Signal Test: pingRequirerSig entered
LogFailure:  Unexpected value in pingRequirerSig: &gt;execute, pingRequirer&lt;
LogInfo:  Test Library::Test Requirer::replyToRequirer() entered from execute
LogInfo:  Referenced Signal Test: pingProviderSig entered
LogInfo:  Test Library::Test Provider::replyToProvider() entered from pingRequirerSig
LogInfo:  Referenced Signal Test: pingRequirerSigS entered
LogInfo:  Test Library::Test Requirer::replyToRequirer() entered from pingProviderSig
LogInfo:  Referenced Signal Test: pingProviderSigS entered
LogInteger:  3
LogInteger:  4
LogInteger:  6
LogInteger:  7
LogInteger:  8
LogInfo:  pingRequirerSigS
LogInfo:  Test Library::Test Provider::replyToProvider() entered from pingRequirerSigS
LogInfo:  Referenced Signal Test: Unexpected value(s) found.
User invoked function: tear_down

	at junit.framework.Assert.fail(Assert.java:47)
	at com.mentor.nucleus.bp.debug.engine.VerifierMessageTestGlobals.performMessageTestFromReference(VerifierMessageTestGlobals.java:311)
	at com.mentor.nucleus.bp.debug.engine.VerifierMessageTestGlobals.testReferencedToReferencedRootToRoot(VerifierMessageTestGlobals.java:149)
	at sun.reflect.NativeMethodAccessorImpl.invoke0(Native Method)
	at sun.reflect.NativeMethodAccessorImpl.invoke(Unknown Source)
	at sun.reflect.DelegatingMethodAccessorImpl.invoke(Unknown Source)
	at java.lang.reflect.Method.invoke(Unknown Source)
	at junit.framework.TestCase.runTest(TestCase.java:164)
	at junit.framework.TestCase.runBare(TestCase.java:130)
	at junit.framework.TestResult$1.protect(TestResult.java:106)
	at junit.framework.TestResult.runProtected(TestResult.java:124)
	at junit.framework.TestResult.run(TestResult.java:109)
	at junit.framework.TestCase.run(TestCase.java:120)
	at junit.framework.TestSuite.runTest(TestSuite.java:230)
	at junit.framework.TestSuite.run(TestSuite.java:225)
	at junit.framework.TestSuite.runTest(TestSuite.java:230)
	at junit.framework.TestSuite.run(TestSuite.java:225)
	at org.eclipse.jdt.internal.junit.runner.junit3.JUnit3TestReference.run(JUnit3TestReference.java:130)
	at org.eclipse.jdt.internal.junit.runner.TestExecution.run(TestExecution.java:38)
	at org.eclipse.jdt.internal.junit.runner.RemoteTestRunner.runTests(RemoteTestRunner.java:467)
	at org.eclipse.jdt.internal.junit.runner.RemoteTestRunner.runTests(RemoteTestRunner.java:683)
	at org.eclipse.jdt.internal.junit.runner.RemoteTestRunner.run(RemoteTestRunner.java:390)
	at org.eclipse.pde.internal.junit.runtime.RemotePluginTestRunner.main(RemotePluginTestRunner.java:62)
	at org.eclipse.pde.internal.junit.runtime.UITestApplication$1.run(UITestApplication.java:114)
	at org.eclipse.swt.widgets.RunnableLock.run(RunnableLock.java:35)
	at org.eclipse.swt.widgets.Synchronizer.runAsyncMessages(Synchronizer.java:134)
	at org.eclipse.swt.widgets.Display.runAsyncMessages(Display.java:3885)
	at org.eclipse.swt.widgets.Display.readAndDispatch(Display.java:3506)
	at org.eclipse.ui.internal.Workbench.runEventLoop(Workbench.java:2405)
	at org.eclipse.ui.internal.Workbench.runUI(Workbench.java:2369)
	at org.eclipse.ui.internal.Workbench.access$4(Workbench.java:2221)
	at org.eclipse.ui.internal.Workbench$5.run(Workbench.java:500)
	at org.eclipse.core.databinding.observable.Realm.runWithDefault(Realm.java:332)
	at org.eclipse.ui.internal.Workbench.createAndRunWorkbench(Workbench.java:493)
	at org.eclipse.ui.PlatformUI.createAndRunWorkbench(PlatformUI.java:149)
	at org.eclipse.ui.internal.ide.application.IDEApplication.start(IDEApplication.java:113)
	at org.eclipse.pde.internal.junit.runtime.UITestApplication.start(UITestApplication.java:46)
	at org.eclipse.equinox.internal.app.EclipseAppHandle.run(EclipseAppHandle.java:194)
	at org.eclipse.core.runtime.internal.adaptor.EclipseAppLauncher.runApplication(EclipseAppLauncher.java:110)
	at org.eclipse.core.runtime.internal.adaptor.EclipseAppLauncher.start(EclipseAppLauncher.java:79)
	at org.eclipse.core.runtime.adaptor.EclipseStarter.run(EclipseStarter.java:368)
	at org.eclipse.core.runtime.adaptor.EclipseStarter.run(EclipseStarter.java:179)
	at sun.reflect.NativeMethodAccessorImpl.invoke0(Native Method)
	at sun.reflect.NativeMethodAccessorImpl.invoke(Unknown Source)
	at sun.reflect.DelegatingMethodAccessorImpl.invoke(Unknown Source)
	at java.lang.reflect.Method.invoke(Unknown Source)
	at org.eclipse.equinox.launcher.Main.invokeFramework(Main.java:559)
	at org.eclipse.equinox.launcher.Main.basicRun(Main.java:514)
	at org.eclipse.equinox.launcher.Main.run(Main.java:1311)
	at org.eclipse.equinox.launcher.Main.main(Main.java:1287)

</failure>
      </testcase>
    </testsuite>
  </testsuite>
</testrun>
