<?xml version="1.0" encoding="UTF-8"?>
<testrun name="Debug - Verifier Test" project="com.mentor.nucleus.bp.debug.ui.test" tests="97" started="97" failures="10" errors="0" ignored="0">
  <testsuite name="VerifierTestSuite" time="949.75">
    <testsuite name="com.mentor.nucleus.bp.debug.test.VerifierTestSuiteI" time="1.034">
      <testcase name="testVerifierTestSuite1" classname="com.mentor.nucleus.bp.debug.test.VerifierTestSuiteI" time="1.034"/>
    </testsuite>
    <testsuite name="com.mentor.nucleus.bp.debug.ui.test.realizedClasses.VerifierStaticVariablesInRealizedClassesTest" time="29.894">
      <testcase name="testSingleProjectDualLocalComponents" classname="com.mentor.nucleus.bp.debug.ui.test.realizedClasses.VerifierStaticVariablesInRealizedClassesTest" time="17.104"/>
      <testcase name="testSingleProjectComponentAndReference" classname="com.mentor.nucleus.bp.debug.ui.test.realizedClasses.VerifierStaticVariablesInRealizedClassesTest" time="4.743"/>
      <testcase name="testDualProjectLocalComponentIPReferenceNoEE" classname="com.mentor.nucleus.bp.debug.ui.test.realizedClasses.VerifierStaticVariablesInRealizedClassesTest" time="4.021"/>
      <testcase name="testDualProjectLocalComponentIPReferenceDuplicateEE" classname="com.mentor.nucleus.bp.debug.ui.test.realizedClasses.VerifierStaticVariablesInRealizedClassesTest" time="4.026"/>
    </testsuite>
    <testsuite name="com.mentor.nucleus.bp.debug.ui.launch.VerifierLaunchTestSuite" time="3.714">
      <testsuite name="com.mentor.nucleus.bp.debug.ui.launch.VerifierLaunchConfigurationTests" time="1.326">
        <testcase name="testLaunchConfigurationTree" classname="com.mentor.nucleus.bp.debug.ui.launch.VerifierLaunchConfigurationTests" time="1.326"/>
      </testsuite>
      <testsuite name="com.mentor.nucleus.bp.debug.ui.launch.VerifierLaunchActionTests" time="2.388">
        <testcase name="testLaunchComponent" classname="com.mentor.nucleus.bp.debug.ui.launch.VerifierLaunchActionTests" time="1.577"/>
        <testcase name="testLaunchNotAssignedImportedComponent" classname="com.mentor.nucleus.bp.debug.ui.launch.VerifierLaunchActionTests" time="0.811"/>
      </testsuite>
    </testsuite>
    <testsuite name="com.mentor.nucleus.bp.debug.ui.test.execute.VerifierExecuteFragmentTest" time="7.755">
      <testcase name="testtopLevelFragment" classname="com.mentor.nucleus.bp.debug.ui.test.execute.VerifierExecuteFragmentTest" time="4.603"/>
      <testcase name="testnestedFragment" classname="com.mentor.nucleus.bp.debug.ui.test.execute.VerifierExecuteFragmentTest" time="3.152"/>
    </testsuite>
    <testsuite name="com.mentor.nucleus.bp.debug.ui.test.execute.VerifierExecuteActionTests" time="63.691">
      <testcase name="testExecuteClassBasedOperationOAL" classname="com.mentor.nucleus.bp.debug.ui.test.execute.VerifierExecuteActionTests" time="4.416"/>
      <testcase name="testExecuteClassBasedOperationNoOAL" classname="com.mentor.nucleus.bp.debug.ui.test.execute.VerifierExecuteActionTests" time="5.024"/>
      <testcase name="testExecuteClassBasedOperationWithParameters" classname="com.mentor.nucleus.bp.debug.ui.test.execute.VerifierExecuteActionTests" time="3.339"/>
      <testcase name="testExecuteSignalAssignedToTransition" classname="com.mentor.nucleus.bp.debug.ui.test.execute.VerifierExecuteActionTests" time="1.436"/>
      <testcase name="testExecuteSignalAssignedToTransitionNoOAL" classname="com.mentor.nucleus.bp.debug.ui.test.execute.VerifierExecuteActionTests" time="2.076"/>
      <testcase name="testExecuteSignalAssignedToTransitionWithParameters" classname="com.mentor.nucleus.bp.debug.ui.test.execute.VerifierExecuteActionTests" time="1.873"/>
      <testcase name="testExecuteSignalNotAssignedToTransition" classname="com.mentor.nucleus.bp.debug.ui.test.execute.VerifierExecuteActionTests" time="4.603"/>
      <testcase name="testExecuteSignalNotAssignedToTransitionNoOAL" classname="com.mentor.nucleus.bp.debug.ui.test.execute.VerifierExecuteActionTests" time="5.882"/>
      <testcase name="testExecuteSignalNotAssignedToTransitionWithParameters" classname="com.mentor.nucleus.bp.debug.ui.test.execute.VerifierExecuteActionTests" time="3.667"/>
      <testcase name="testExecuteInterfaceOperation" classname="com.mentor.nucleus.bp.debug.ui.test.execute.VerifierExecuteActionTests" time="3.417"/>
      <testcase name="testExecuteInterfaceOperationNoOAL" classname="com.mentor.nucleus.bp.debug.ui.test.execute.VerifierExecuteActionTests" time="5.82"/>
      <testcase name="testExecuteInterfaceOperationWithParameters" classname="com.mentor.nucleus.bp.debug.ui.test.execute.VerifierExecuteActionTests" time="4.915">
        <failure>junit.framework.AssertionFailedError: Process was not suspended by breakpoint in interface operation.
	at junit.framework.Assert.fail(Assert.java:47)
	at junit.framework.Assert.assertTrue(Assert.java:20)
	at com.mentor.nucleus.bp.debug.ui.test.execute.VerifierExecuteActionTests.testExecuteInterfaceOperationWithParameters(VerifierExecuteActionTests.java:1004)
	at sun.reflect.NativeMethodAccessorImpl.invoke0(Native Method)
	at sun.reflect.NativeMethodAccessorImpl.invoke(Unknown Source)
	at sun.reflect.DelegatingMethodAccessorImpl.invoke(Unknown Source)
	at java.lang.reflect.Method.invoke(Unknown Source)
	at junit.framework.TestCase.runTest(TestCase.java:164)
	at junit.framework.TestCase.runBare(TestCase.java:130)
	at junit.framework.TestResult$1.protect(TestResult.java:106)
	at junit.framework.TestResult.runProtected(TestResult.java:124)
	at junit.framework.TestResult.run(TestResult.java:109)
	at junit.framework.TestCase.run(TestCase.java:120)
	at junit.framework.TestSuite.runTest(TestSuite.java:230)
	at junit.framework.TestSuite.run(TestSuite.java:225)
	at junit.framework.TestSuite.runTest(TestSuite.java:230)
	at junit.framework.TestSuite.run(TestSuite.java:225)
	at org.eclipse.jdt.internal.junit.runner.junit3.JUnit3TestReference.run(JUnit3TestReference.java:130)
	at org.eclipse.jdt.internal.junit.runner.TestExecution.run(TestExecution.java:38)
	at org.eclipse.jdt.internal.junit.runner.RemoteTestRunner.runTests(RemoteTestRunner.java:467)
	at org.eclipse.jdt.internal.junit.runner.RemoteTestRunner.runTests(RemoteTestRunner.java:683)
	at org.eclipse.jdt.internal.junit.runner.RemoteTestRunner.run(RemoteTestRunner.java:390)
	at org.eclipse.pde.internal.junit.runtime.RemotePluginTestRunner.main(RemotePluginTestRunner.java:62)
	at org.eclipse.pde.internal.junit.runtime.UITestApplication$1.run(UITestApplication.java:114)
	at org.eclipse.swt.widgets.RunnableLock.run(RunnableLock.java:35)
	at org.eclipse.swt.widgets.Synchronizer.runAsyncMessages(Synchronizer.java:134)
	at org.eclipse.swt.widgets.Display.runAsyncMessages(Display.java:3885)
	at org.eclipse.swt.widgets.Display.readAndDispatch(Display.java:3506)
	at org.eclipse.ui.internal.Workbench.runEventLoop(Workbench.java:2405)
	at org.eclipse.ui.internal.Workbench.runUI(Workbench.java:2369)
	at org.eclipse.ui.internal.Workbench.access$4(Workbench.java:2221)
	at org.eclipse.ui.internal.Workbench$5.run(Workbench.java:500)
	at org.eclipse.core.databinding.observable.Realm.runWithDefault(Realm.java:332)
	at org.eclipse.ui.internal.Workbench.createAndRunWorkbench(Workbench.java:493)
	at org.eclipse.ui.PlatformUI.createAndRunWorkbench(PlatformUI.java:149)
	at org.eclipse.ui.internal.ide.application.IDEApplication.start(IDEApplication.java:113)
	at org.eclipse.pde.internal.junit.runtime.UITestApplication.start(UITestApplication.java:46)
	at org.eclipse.equinox.internal.app.EclipseAppHandle.run(EclipseAppHandle.java:194)
	at org.eclipse.core.runtime.internal.adaptor.EclipseAppLauncher.runApplication(EclipseAppLauncher.java:110)
	at org.eclipse.core.runtime.internal.adaptor.EclipseAppLauncher.start(EclipseAppLauncher.java:79)
	at org.eclipse.core.runtime.adaptor.EclipseStarter.run(EclipseStarter.java:368)
	at org.eclipse.core.runtime.adaptor.EclipseStarter.run(EclipseStarter.java:179)
	at sun.reflect.NativeMethodAccessorImpl.invoke0(Native Method)
	at sun.reflect.NativeMethodAccessorImpl.invoke(Unknown Source)
	at sun.reflect.DelegatingMethodAccessorImpl.invoke(Unknown Source)
	at java.lang.reflect.Method.invoke(Unknown Source)
	at org.eclipse.equinox.launcher.Main.invokeFramework(Main.java:559)
	at org.eclipse.equinox.launcher.Main.basicRun(Main.java:514)
	at org.eclipse.equinox.launcher.Main.run(Main.java:1311)
	at org.eclipse.equinox.launcher.Main.main(Main.java:1287)

</failure>
      </testcase>
      <testcase name="testTerminateAndRelaunch" classname="com.mentor.nucleus.bp.debug.ui.test.execute.VerifierExecuteActionTests" time="17.223"/>
    </testsuite>
    <testsuite name="com.mentor.nucleus.bp.debug.engine.SignalParameterPassingTest" time="6.555">
      <testcase name="testSignalParameterPassing" classname="com.mentor.nucleus.bp.debug.engine.SignalParameterPassingTest" time="6.555"/>
    </testsuite>
    <testsuite name="com.mentor.nucleus.bp.debug.ui.test.execute.VerifierInterfaceExecutionTests" time="57.145">
      <testcase name="testInterfaceExecutionSignalAssignedToTransition" classname="com.mentor.nucleus.bp.debug.ui.test.execute.VerifierInterfaceExecutionTests" time="4.291"/>
      <testcase name="testInterfaceExecutionSignalNoOALAssignedToTransition" classname="com.mentor.nucleus.bp.debug.ui.test.execute.VerifierInterfaceExecutionTests" time="3.464"/>
      <testcase name="testInterfaceExecutionSignalParametersAssignedToTransition" classname="com.mentor.nucleus.bp.debug.ui.test.execute.VerifierInterfaceExecutionTests" time="3.635"/>
      <testcase name="testInterfaceExecutionSignalWithQueuedEventsBadState" classname="com.mentor.nucleus.bp.debug.ui.test.execute.VerifierInterfaceExecutionTests" time="4.26"/>
      <testcase name="testInterfaceExecutionSignalWithQueuedEventsGoodState" classname="com.mentor.nucleus.bp.debug.ui.test.execute.VerifierInterfaceExecutionTests" time="3.901"/>
      <testcase name="testInterfaceExecutionSignalNotAssignedWithOAL" classname="com.mentor.nucleus.bp.debug.ui.test.execute.VerifierInterfaceExecutionTests" time="3.714"/>
      <testcase name="testInterfaceExecutionSignalNotAssignedWithNoOAL" classname="com.mentor.nucleus.bp.debug.ui.test.execute.VerifierInterfaceExecutionTests" time="3.698"/>
      <testcase name="testInterfaceExecutionSignalNotAssignedCurrentExecutingAction" classname="com.mentor.nucleus.bp.debug.ui.test.execute.VerifierInterfaceExecutionTests" time="5.133"/>
      <testcase name="testInterfaceExecutionSignalNotAssignedWithParameters" classname="com.mentor.nucleus.bp.debug.ui.test.execute.VerifierInterfaceExecutionTests" time="3.636"/>
      <testcase name="testInterfaceExectuionOperationOALNonVoidReturn" classname="com.mentor.nucleus.bp.debug.ui.test.execute.VerifierInterfaceExecutionTests" time="3.901"/>
      <testcase name="testInterfaceExecutionOperationNoOALVoidReturn" classname="com.mentor.nucleus.bp.debug.ui.test.execute.VerifierInterfaceExecutionTests" time="3.812"/>
      <testcase name="testInterfaceExecutionOperationNoOALNonVoidReturn" classname="com.mentor.nucleus.bp.debug.ui.test.execute.VerifierInterfaceExecutionTests" time="3.761"/>
      <testcase name="testInterfaceExecutionOperationCurrentExecutingAction" classname="com.mentor.nucleus.bp.debug.ui.test.execute.VerifierInterfaceExecutionTests" time="5.773"/>
      <testcase name="testInterfaceExecutionOperationWithParamatersNonVoidReturn" classname="com.mentor.nucleus.bp.debug.ui.test.execute.VerifierInterfaceExecutionTests" time="4.166"/>
    </testsuite>
    <testsuite name="com.mentor.nucleus.bp.debug.engine.VerifierTransitionActionTests" time="14.199">
      <testcase name="testTransitionActions" classname="com.mentor.nucleus.bp.debug.engine.VerifierTransitionActionTests" time="4.868"/>
      <testcase name="testISMTransitionAction" classname="com.mentor.nucleus.bp.debug.engine.VerifierTransitionActionTests" time="4.962"/>
      <testcase name="testCSMTransitionAction" classname="com.mentor.nucleus.bp.debug.engine.VerifierTransitionActionTests" time="4.369"/>
    </testsuite>
    <testsuite name="com.mentor.nucleus.bp.debug.ui.session.tree.VerifierSessionExplorerTests" time="10.688">
      <testcase name="testComponentsInSessionExplorerTree" classname="com.mentor.nucleus.bp.debug.ui.session.tree.VerifierSessionExplorerTests" time="4.072"/>
      <testcase name="testDeleteDisabledForModelElement" classname="com.mentor.nucleus.bp.debug.ui.session.tree.VerifierSessionExplorerTests" time="3.293"/>
      <testcase name="testRenameDisabledForModelElement" classname="com.mentor.nucleus.bp.debug.ui.session.tree.VerifierSessionExplorerTests" time="3.323"/>
    </testsuite>
    <testsuite name="com.mentor.nucleus.bp.debug.engine.ExternalEntityTest" time="3.214">
      <testcase name="testBasicEE" classname="com.mentor.nucleus.bp.debug.engine.ExternalEntityTest" time="3.214"/>
    </testsuite>
    <testsuite name="com.mentor.nucleus.bp.debug.engine.CreateAndGenerateEventTest" time="8.72">
      <testcase name="testBasicCreateAndGenerateEvent" classname="com.mentor.nucleus.bp.debug.engine.CreateAndGenerateEventTest" time="8.72"/>
    </testsuite>
    <testsuite name="com.mentor.nucleus.bp.debug.engine.TimerTest" time="14.383">
      <testcase name="testTimer" classname="com.mentor.nucleus.bp.debug.engine.TimerTest" time="14.383"/>
    </testsuite>
    <testsuite name="com.mentor.nucleus.bp.debug.engine.VerifierCreationTransitionDebugTest" time="7.146">
      <testcase name="testVerifierCreationTransitionBP" classname="com.mentor.nucleus.bp.debug.engine.VerifierCreationTransitionDebugTest" time="7.146"/>
    </testsuite>
    <testsuite name="com.mentor.nucleus.bp.debug.engine.VerifierAuditTest" time="209.481">
      <testcase name="testVerifierAudit" classname="com.mentor.nucleus.bp.debug.engine.VerifierAuditTest" time="26.708"/>
      <testcase name="testVerifierAudit_Warning" classname="com.mentor.nucleus.bp.debug.engine.VerifierAuditTest" time="32.028"/>
      <testcase name="testVerifierAudit_Fatal" classname="com.mentor.nucleus.bp.debug.engine.VerifierAuditTest" time="38.454"/>
      <testcase name="testVerifierAudit_runAllTests" classname="com.mentor.nucleus.bp.debug.engine.VerifierAuditTest" time="112.291"/>
    </testsuite>
    <testsuite name="com.mentor.nucleus.bp.debug.test.breakpoint.BreakpointTest" time="2.658">
      <testcase name="testSetBreakpointOnNewStateTransitionWithLongEventDataList" classname="com.mentor.nucleus.bp.debug.test.breakpoint.BreakpointTest" time="1.205"/>
      <testcase name="testSetBreakpointOnCreationTransitionWithLongEventDataList" classname="com.mentor.nucleus.bp.debug.test.breakpoint.BreakpointTest" time="1.453"/>
    </testsuite>
    <testsuite name="com.mentor.nucleus.bp.debug.engine.VerifierMessageTest" time="38.662">
      <testcase name="testDeclaredToDeclaredRootToRoot" classname="com.mentor.nucleus.bp.debug.engine.VerifierMessageTest" time="12.625"/>
      <testcase name="testDeclaredToReferencedRootToRoot" classname="com.mentor.nucleus.bp.debug.engine.VerifierMessageTest" time="8.64"/>
      <testcase name="testReferencedToDeclaredRootToRoot" classname="com.mentor.nucleus.bp.debug.engine.VerifierMessageTest" time="9.669">
        <failure>
          <expected>Simulation started.
User invoked function: test
LogInfo:  Test Provider::executeOpTest() entered
LogInfo:  Referenced Operation Test: pingRequirer entered
LogInfo:  Referenced Operation Test: pingProvider entered
LogInfo:  Referenced Operation Test: pingRequirerS entered
LogInfo:  Referenced Operation Test: pingProviderS entered
LogInfo:  Test Provider::replyToProvider() entered from pingRequirerS
LogInfo:  Test Library::Test Requirer::replyToRequirer() entered from pingProviderS
LogInfo:  Test Provider::replyToProvider() entered from pingRequirer
LogInfo:  Referenced Operation Test: Passed.
LogInfo:  Test Provider::executeSignalTest() entered
LogInfo:  Test Library::Test Requirer::replyToRequirer() entered from pingProvider
LogInfo:  Test Library::Test Requirer::replyToRequirer() entered from execute
LogInfo:  Referenced Signal Test: pingRequirerSig entered
LogInfo:  Referenced Signal Test: pingProviderSig entered
LogInfo:  Test Library::Test Requirer::replyToRequirer() entered from execute
LogInfo:  Test Provider::replyToProvider() entered from pingRequirerSig
LogInfo:  Referenced Signal Test: pingRequirerSigS entered
LogInfo:  Referenced Signal Test: pingProviderSigS entered
LogInfo:  Test Library::Test Requirer::replyToRequirer() entered from pingProviderSig
LogInfo:  Test Provider::replyToProvider() entered from pingRequirerSigS
LogInfo:  Test Library::Test Requirer::replyToRequirer() entered from pingProviderSigS
LogInfo:  Referenced Signal Test: Passed.
</expected>
          <actual>Simulation started.
User invoked function: test
LogInfo:  Test Provider::executeOpTest() entered
LogInfo:  Error: Dummy Requirer::pingRequirer() should never be invoked.
LogInfo:  Test Provider::executeSignalTest() entered
LogInfo:  Test Library::Test Requirer::replyToRequirer() entered from execute
LogInfo:  Error: Dummy Requirer::pingRequirerSig() should never be invoked.
LogInfo:  Test Library::Test Requirer::replyToRequirer() entered from execute
</actual>junit.framework.ComparisonFailure: expected:&lt;... entered
LogInfo:  [Referenced Operation Test: pingRequirer entered
LogInfo:  Referenced Operation Test: pingProvider entered
LogInfo:  Referenced Operation Test: pingRequirerS entered
LogInfo:  Referenced Operation Test: pingProviderS entered
LogInfo:  Test Provider::replyToProvider() entered from pingRequirerS
LogInfo:  Test Library::Test Requirer::replyToRequirer() entered from pingProviderS
LogInfo:  Test Provider::replyToProvider() entered from pingRequirer
LogInfo:  Referenced Operation Test: Passed.
LogInfo:  Test Provider::executeSignalTest() entered
LogInfo:  Test Library::Test Requirer::replyToRequirer() entered from pingProvider
LogInfo:  Test Library::Test Requirer::replyToRequirer() entered from execute
LogInfo:  Referenced Signal Test: pingRequirerSig entered
LogInfo:  Referenced Signal Test: pingProviderSig entered
LogInfo:  Test Library::Test Requirer::replyToRequirer() entered from execute
LogInfo:  Test Provider::replyToProvider() entered from pingRequirerSig
LogInfo:  Referenced Signal Test: pingRequirerSigS entered
LogInfo:  Referenced Signal Test: pingProviderSigS entered
LogInfo:  Test Library::Test Requirer::replyToRequirer() entered from pingProviderSig
LogInfo:  Test Provider::replyToProvider() entered from pingRequirerSigS
LogInfo:  Test Library::Test Requirer::replyToRequirer() entered from pingProviderSigS
LogInfo:  Referenced Signal Test: Passed.]
&gt; but was:&lt;... entered
LogInfo:  [Error: Dummy Requirer::pingRequirer() should never be invoked.
LogInfo:  Test Provider::executeSignalTest() entered
LogInfo:  Test Library::Test Requirer::replyToRequirer() entered from execute
LogInfo:  Error: Dummy Requirer::pingRequirerSig() should never be invoked.
LogInfo:  Test Library::Test Requirer::replyToRequirer() entered from execute]
&gt;
	at junit.framework.Assert.assertEquals(Assert.java:81)
	at junit.framework.Assert.assertEquals(Assert.java:87)
	at com.mentor.nucleus.bp.debug.engine.VerifierMessageTest.performMessageTestFromReference(VerifierMessageTest.java:241)
	at com.mentor.nucleus.bp.debug.engine.VerifierMessageTest.testReferencedToDeclaredRootToRoot(VerifierMessageTest.java:139)
	at sun.reflect.NativeMethodAccessorImpl.invoke0(Native Method)
	at sun.reflect.NativeMethodAccessorImpl.invoke(Unknown Source)
	at sun.reflect.DelegatingMethodAccessorImpl.invoke(Unknown Source)
	at java.lang.reflect.Method.invoke(Unknown Source)
	at junit.framework.TestCase.runTest(TestCase.java:164)
	at junit.framework.TestCase.runBare(TestCase.java:130)
	at junit.framework.TestResult$1.protect(TestResult.java:106)
	at junit.framework.TestResult.runProtected(TestResult.java:124)
	at junit.framework.TestResult.run(TestResult.java:109)
	at junit.framework.TestCase.run(TestCase.java:120)
	at junit.framework.TestSuite.runTest(TestSuite.java:230)
	at junit.framework.TestSuite.run(TestSuite.java:225)
	at junit.framework.TestSuite.runTest(TestSuite.java:230)
	at junit.framework.TestSuite.run(TestSuite.java:225)
	at org.eclipse.jdt.internal.junit.runner.junit3.JUnit3TestReference.run(JUnit3TestReference.java:130)
	at org.eclipse.jdt.internal.junit.runner.TestExecution.run(TestExecution.java:38)
	at org.eclipse.jdt.internal.junit.runner.RemoteTestRunner.runTests(RemoteTestRunner.java:467)
	at org.eclipse.jdt.internal.junit.runner.RemoteTestRunner.runTests(RemoteTestRunner.java:683)
	at org.eclipse.jdt.internal.junit.runner.RemoteTestRunner.run(RemoteTestRunner.java:390)
	at org.eclipse.pde.internal.junit.runtime.RemotePluginTestRunner.main(RemotePluginTestRunner.java:62)
	at org.eclipse.pde.internal.junit.runtime.UITestApplication$1.run(UITestApplication.java:114)
	at org.eclipse.swt.widgets.RunnableLock.run(RunnableLock.java:35)
	at org.eclipse.swt.widgets.Synchronizer.runAsyncMessages(Synchronizer.java:134)
	at org.eclipse.swt.widgets.Display.runAsyncMessages(Display.java:3885)
	at org.eclipse.swt.widgets.Display.readAndDispatch(Display.java:3506)
	at org.eclipse.ui.internal.Workbench.runEventLoop(Workbench.java:2405)
	at org.eclipse.ui.internal.Workbench.runUI(Workbench.java:2369)
	at org.eclipse.ui.internal.Workbench.access$4(Workbench.java:2221)
	at org.eclipse.ui.internal.Workbench$5.run(Workbench.java:500)
	at org.eclipse.core.databinding.observable.Realm.runWithDefault(Realm.java:332)
	at org.eclipse.ui.internal.Workbench.createAndRunWorkbench(Workbench.java:493)
	at org.eclipse.ui.PlatformUI.createAndRunWorkbench(PlatformUI.java:149)
	at org.eclipse.ui.internal.ide.application.IDEApplication.start(IDEApplication.java:113)
	at org.eclipse.pde.internal.junit.runtime.UITestApplication.start(UITestApplication.java:46)
	at org.eclipse.equinox.internal.app.EclipseAppHandle.run(EclipseAppHandle.java:194)
	at org.eclipse.core.runtime.internal.adaptor.EclipseAppLauncher.runApplication(EclipseAppLauncher.java:110)
	at org.eclipse.core.runtime.internal.adaptor.EclipseAppLauncher.start(EclipseAppLauncher.java:79)
	at org.eclipse.core.runtime.adaptor.EclipseStarter.run(EclipseStarter.java:368)
	at org.eclipse.core.runtime.adaptor.EclipseStarter.run(EclipseStarter.java:179)
	at sun.reflect.NativeMethodAccessorImpl.invoke0(Native Method)
	at sun.reflect.NativeMethodAccessorImpl.invoke(Unknown Source)
	at sun.reflect.DelegatingMethodAccessorImpl.invoke(Unknown Source)
	at java.lang.reflect.Method.invoke(Unknown Source)
	at org.eclipse.equinox.launcher.Main.invokeFramework(Main.java:559)
	at org.eclipse.equinox.launcher.Main.basicRun(Main.java:514)
	at org.eclipse.equinox.launcher.Main.run(Main.java:1311)
	at org.eclipse.equinox.launcher.Main.main(Main.java:1287)

</failure>
      </testcase>
      <testcase name="testReferencedToReferencedRootToRoot" classname="com.mentor.nucleus.bp.debug.engine.VerifierMessageTest" time="7.728"/>
    </testsuite>
    <testsuite name="com.mentor.nucleus.bp.debug.engine.MDATest" time="118.735">
      <testcase name="testRunModel" classname="com.mentor.nucleus.bp.debug.engine.MDATest" time="118.735"/>
    </testsuite>
    <testsuite name="com.mentor.nucleus.bp.debug.engine.SendMessageOverDelegationTest" time="55.979">
      <testcase name="testSendInterfaceOperationOverDele" classname="com.mentor.nucleus.bp.debug.engine.SendMessageOverDelegationTest" time="13.668"/>
      <testcase name="testSendInterfaceOperationWithReturnOverLongDele" classname="com.mentor.nucleus.bp.debug.engine.SendMessageOverDelegationTest" time="13.884"/>
      <testcase name="testSendInterfaceOperationWithReturnOutOfLongDele" classname="com.mentor.nucleus.bp.debug.engine.SendMessageOverDelegationTest" time="14.413"/>
      <testcase name="testSendInterfaceSignalOverDele" classname="com.mentor.nucleus.bp.debug.engine.SendMessageOverDelegationTest" time="14.014"/>
    </testsuite>
    <testsuite name="com.mentor.nucleus.bp.debug.ui.test.runtimemsg.TestVerifierRunTimeErrorMsgs_0" time="118.771">
      <testcase name="testA8_C1N1CSM" classname="com.mentor.nucleus.bp.debug.ui.test.runtimemsg.TestVerifierRunTimeErrorMsgs_0" time="12.785"/>
      <testcase name="testA1_C3N3" classname="com.mentor.nucleus.bp.debug.ui.test.runtimemsg.TestVerifierRunTimeErrorMsgs_0" time="9.252"/>
      <testcase name="testA2_C3N3" classname="com.mentor.nucleus.bp.debug.ui.test.runtimemsg.TestVerifierRunTimeErrorMsgs_0" time="9.788"/>
      <testcase name="testA3_C1N1" classname="com.mentor.nucleus.bp.debug.ui.test.runtimemsg.TestVerifierRunTimeErrorMsgs_0" time="9.517"/>
      <testcase name="testA3_C3N3" classname="com.mentor.nucleus.bp.debug.ui.test.runtimemsg.TestVerifierRunTimeErrorMsgs_0" time="9.551"/>
      <testcase name="testA4_C3N3" classname="com.mentor.nucleus.bp.debug.ui.test.runtimemsg.TestVerifierRunTimeErrorMsgs_0" time="10.032"/>
      <testcase name="testA5_C3N3" classname="com.mentor.nucleus.bp.debug.ui.test.runtimemsg.TestVerifierRunTimeErrorMsgs_0" time="9.953"/>
      <testcase name="testA6_C3N3" classname="com.mentor.nucleus.bp.debug.ui.test.runtimemsg.TestVerifierRunTimeErrorMsgs_0" time="9.316"/>
      <testcase name="testA7_C3N3" classname="com.mentor.nucleus.bp.debug.ui.test.runtimemsg.TestVerifierRunTimeErrorMsgs_0" time="9.254"/>
      <testcase name="testA8_C3N3" classname="com.mentor.nucleus.bp.debug.ui.test.runtimemsg.TestVerifierRunTimeErrorMsgs_0" time="10.195"/>
      <testcase name="testA9_C3N3" classname="com.mentor.nucleus.bp.debug.ui.test.runtimemsg.TestVerifierRunTimeErrorMsgs_0" time="9.751"/>
      <testcase name="testA10_C3N3" classname="com.mentor.nucleus.bp.debug.ui.test.runtimemsg.TestVerifierRunTimeErrorMsgs_0" time="9.377"/>
    </testsuite>
    <testsuite name="com.mentor.nucleus.bp.debug.ui.test.runtimemsg.TestVerifierRunTimeErrorMsgs_1" time="104.244">
      <testcase name="testA1_C1N1" classname="com.mentor.nucleus.bp.debug.ui.test.runtimemsg.TestVerifierRunTimeErrorMsgs_1" time="11.904"/>
      <testcase name="testA2_C1N1" classname="com.mentor.nucleus.bp.debug.ui.test.runtimemsg.TestVerifierRunTimeErrorMsgs_1" time="9.473"/>
      <testcase name="testA4_C1N1" classname="com.mentor.nucleus.bp.debug.ui.test.runtimemsg.TestVerifierRunTimeErrorMsgs_1" time="9.922"/>
      <testcase name="testA5_C1N1" classname="com.mentor.nucleus.bp.debug.ui.test.runtimemsg.TestVerifierRunTimeErrorMsgs_1" time="8.846"/>
      <testcase name="testA6_C1N1" classname="com.mentor.nucleus.bp.debug.ui.test.runtimemsg.TestVerifierRunTimeErrorMsgs_1" time="9.517"/>
      <testcase name="testA7_C1N1" classname="com.mentor.nucleus.bp.debug.ui.test.runtimemsg.TestVerifierRunTimeErrorMsgs_1" time="8.91"/>
      <testcase name="testA8_C1N1" classname="com.mentor.nucleus.bp.debug.ui.test.runtimemsg.TestVerifierRunTimeErrorMsgs_1" time="8.799"/>
      <testcase name="testA9_C1N1" classname="com.mentor.nucleus.bp.debug.ui.test.runtimemsg.TestVerifierRunTimeErrorMsgs_1" time="9.424"/>
      <testcase name="testA10_C1N1" classname="com.mentor.nucleus.bp.debug.ui.test.runtimemsg.TestVerifierRunTimeErrorMsgs_1" time="9.282"/>
      <testcase name="testCantHappenEvent" classname="com.mentor.nucleus.bp.debug.ui.test.runtimemsg.TestVerifierRunTimeErrorMsgs_1" time="9.043"/>
      <testcase name="testCantCreationTransition" classname="com.mentor.nucleus.bp.debug.ui.test.runtimemsg.TestVerifierRunTimeErrorMsgs_1" time="9.124"/>
    </testsuite>
    <testsuite name="com.mentor.nucleus.bp.debug.test.RealizedClassTest" time="12.066">
      <testcase name="testExectureTest" classname="com.mentor.nucleus.bp.debug.test.RealizedClassTest" time="12.066"/>
    </testsuite>
    <testsuite name="com.mentor.nucleus.bp.debug.engine.VerifierMessageTestGlobals" time="11.362">
      <testcase name="testDeclaredToDeclaredRootToRoot" classname="com.mentor.nucleus.bp.debug.engine.VerifierMessageTestGlobals" time="2.309">
        <failure>junit.framework.AssertionFailedError
	at junit.framework.Assert.fail(Assert.java:47)
	at junit.framework.Assert.assertTrue(Assert.java:20)
	at junit.framework.Assert.assertNotNull(Assert.java:217)
	at junit.framework.Assert.assertNotNull(Assert.java:210)
	at com.mentor.nucleus.bp.debug.engine.VerifierMessageTestGlobals.performMessageTestFromComponent(VerifierMessageTestGlobals.java:337)
	at com.mentor.nucleus.bp.debug.engine.VerifierMessageTestGlobals.testDeclaredToDeclaredRootToRoot(VerifierMessageTestGlobals.java:129)
	at sun.reflect.NativeMethodAccessorImpl.invoke0(Native Method)
	at sun.reflect.NativeMethodAccessorImpl.invoke(Unknown Source)
	at sun.reflect.DelegatingMethodAccessorImpl.invoke(Unknown Source)
	at java.lang.reflect.Method.invoke(Unknown Source)
	at junit.framework.TestCase.runTest(TestCase.java:164)
	at junit.framework.TestCase.runBare(TestCase.java:130)
	at junit.framework.TestResult$1.protect(TestResult.java:106)
	at junit.framework.TestResult.runProtected(TestResult.java:124)
	at junit.framework.TestResult.run(TestResult.java:109)
	at junit.framework.TestCase.run(TestCase.java:120)
	at junit.framework.TestSuite.runTest(TestSuite.java:230)
	at junit.framework.TestSuite.run(TestSuite.java:225)
	at junit.framework.TestSuite.runTest(TestSuite.java:230)
	at junit.framework.TestSuite.run(TestSuite.java:225)
	at org.eclipse.jdt.internal.junit.runner.junit3.JUnit3TestReference.run(JUnit3TestReference.java:130)
	at org.eclipse.jdt.internal.junit.runner.TestExecution.run(TestExecution.java:38)
	at org.eclipse.jdt.internal.junit.runner.RemoteTestRunner.runTests(RemoteTestRunner.java:467)
	at org.eclipse.jdt.internal.junit.runner.RemoteTestRunner.runTests(RemoteTestRunner.java:683)
	at org.eclipse.jdt.internal.junit.runner.RemoteTestRunner.run(RemoteTestRunner.java:390)
	at org.eclipse.pde.internal.junit.runtime.RemotePluginTestRunner.main(RemotePluginTestRunner.java:62)
	at org.eclipse.pde.internal.junit.runtime.UITestApplication$1.run(UITestApplication.java:114)
	at org.eclipse.swt.widgets.RunnableLock.run(RunnableLock.java:35)
	at org.eclipse.swt.widgets.Synchronizer.runAsyncMessages(Synchronizer.java:134)
	at org.eclipse.swt.widgets.Display.runAsyncMessages(Display.java:3885)
	at org.eclipse.swt.widgets.Display.readAndDispatch(Display.java:3506)
	at org.eclipse.ui.internal.Workbench.runEventLoop(Workbench.java:2405)
	at org.eclipse.ui.internal.Workbench.runUI(Workbench.java:2369)
	at org.eclipse.ui.internal.Workbench.access$4(Workbench.java:2221)
	at org.eclipse.ui.internal.Workbench$5.run(Workbench.java:500)
	at org.eclipse.core.databinding.observable.Realm.runWithDefault(Realm.java:332)
	at org.eclipse.ui.internal.Workbench.createAndRunWorkbench(Workbench.java:493)
	at org.eclipse.ui.PlatformUI.createAndRunWorkbench(PlatformUI.java:149)
	at org.eclipse.ui.internal.ide.application.IDEApplication.start(IDEApplication.java:113)
	at org.eclipse.pde.internal.junit.runtime.UITestApplication.start(UITestApplication.java:46)
	at org.eclipse.equinox.internal.app.EclipseAppHandle.run(EclipseAppHandle.java:194)
	at org.eclipse.core.runtime.internal.adaptor.EclipseAppLauncher.runApplication(EclipseAppLauncher.java:110)
	at org.eclipse.core.runtime.internal.adaptor.EclipseAppLauncher.start(EclipseAppLauncher.java:79)
	at org.eclipse.core.runtime.adaptor.EclipseStarter.run(EclipseStarter.java:368)
	at org.eclipse.core.runtime.adaptor.EclipseStarter.run(EclipseStarter.java:179)
	at sun.reflect.NativeMethodAccessorImpl.invoke0(Native Method)
	at sun.reflect.NativeMethodAccessorImpl.invoke(Unknown Source)
	at sun.reflect.DelegatingMethodAccessorImpl.invoke(Unknown Source)
	at java.lang.reflect.Method.invoke(Unknown Source)
	at org.eclipse.equinox.launcher.Main.invokeFramework(Main.java:559)
	at org.eclipse.equinox.launcher.Main.basicRun(Main.java:514)
	at org.eclipse.equinox.launcher.Main.run(Main.java:1311)
	at org.eclipse.equinox.launcher.Main.main(Main.java:1287)

</failure>
      </testcase>
      <testcase name="testDeclaredToReferencedRootToRoot" classname="com.mentor.nucleus.bp.debug.engine.VerifierMessageTestGlobals" time="2.25">
        <failure>junit.framework.AssertionFailedError
	at junit.framework.Assert.fail(Assert.java:47)
	at junit.framework.Assert.assertTrue(Assert.java:20)
	at junit.framework.Assert.assertNotNull(Assert.java:217)
	at junit.framework.Assert.assertNotNull(Assert.java:210)
	at com.mentor.nucleus.bp.debug.engine.VerifierMessageTestGlobals.performMessageTestFromComponent(VerifierMessageTestGlobals.java:337)
	at com.mentor.nucleus.bp.debug.engine.VerifierMessageTestGlobals.testDeclaredToReferencedRootToRoot(VerifierMessageTestGlobals.java:135)
	at sun.reflect.NativeMethodAccessorImpl.invoke0(Native Method)
	at sun.reflect.NativeMethodAccessorImpl.invoke(Unknown Source)
	at sun.reflect.DelegatingMethodAccessorImpl.invoke(Unknown Source)
	at java.lang.reflect.Method.invoke(Unknown Source)
	at junit.framework.TestCase.runTest(TestCase.java:164)
	at junit.framework.TestCase.runBare(TestCase.java:130)
	at junit.framework.TestResult$1.protect(TestResult.java:106)
	at junit.framework.TestResult.runProtected(TestResult.java:124)
	at junit.framework.TestResult.run(TestResult.java:109)
	at junit.framework.TestCase.run(TestCase.java:120)
	at junit.framework.TestSuite.runTest(TestSuite.java:230)
	at junit.framework.TestSuite.run(TestSuite.java:225)
	at junit.framework.TestSuite.runTest(TestSuite.java:230)
	at junit.framework.TestSuite.run(TestSuite.java:225)
	at org.eclipse.jdt.internal.junit.runner.junit3.JUnit3TestReference.run(JUnit3TestReference.java:130)
	at org.eclipse.jdt.internal.junit.runner.TestExecution.run(TestExecution.java:38)
	at org.eclipse.jdt.internal.junit.runner.RemoteTestRunner.runTests(RemoteTestRunner.java:467)
	at org.eclipse.jdt.internal.junit.runner.RemoteTestRunner.runTests(RemoteTestRunner.java:683)
	at org.eclipse.jdt.internal.junit.runner.RemoteTestRunner.run(RemoteTestRunner.java:390)
	at org.eclipse.pde.internal.junit.runtime.RemotePluginTestRunner.main(RemotePluginTestRunner.java:62)
	at org.eclipse.pde.internal.junit.runtime.UITestApplication$1.run(UITestApplication.java:114)
	at org.eclipse.swt.widgets.RunnableLock.run(RunnableLock.java:35)
	at org.eclipse.swt.widgets.Synchronizer.runAsyncMessages(Synchronizer.java:134)
	at org.eclipse.swt.widgets.Display.runAsyncMessages(Display.java:3885)
	at org.eclipse.swt.widgets.Display.readAndDispatch(Display.java:3506)
	at org.eclipse.ui.internal.Workbench.runEventLoop(Workbench.java:2405)
	at org.eclipse.ui.internal.Workbench.runUI(Workbench.java:2369)
	at org.eclipse.ui.internal.Workbench.access$4(Workbench.java:2221)
	at org.eclipse.ui.internal.Workbench$5.run(Workbench.java:500)
	at org.eclipse.core.databinding.observable.Realm.runWithDefault(Realm.java:332)
	at org.eclipse.ui.internal.Workbench.createAndRunWorkbench(Workbench.java:493)
	at org.eclipse.ui.PlatformUI.createAndRunWorkbench(PlatformUI.java:149)
	at org.eclipse.ui.internal.ide.application.IDEApplication.start(IDEApplication.java:113)
	at org.eclipse.pde.internal.junit.runtime.UITestApplication.start(UITestApplication.java:46)
	at org.eclipse.equinox.internal.app.EclipseAppHandle.run(EclipseAppHandle.java:194)
	at org.eclipse.core.runtime.internal.adaptor.EclipseAppLauncher.runApplication(EclipseAppLauncher.java:110)
	at org.eclipse.core.runtime.internal.adaptor.EclipseAppLauncher.start(EclipseAppLauncher.java:79)
	at org.eclipse.core.runtime.adaptor.EclipseStarter.run(EclipseStarter.java:368)
	at org.eclipse.core.runtime.adaptor.EclipseStarter.run(EclipseStarter.java:179)
	at sun.reflect.NativeMethodAccessorImpl.invoke0(Native Method)
	at sun.reflect.NativeMethodAccessorImpl.invoke(Unknown Source)
	at sun.reflect.DelegatingMethodAccessorImpl.invoke(Unknown Source)
	at java.lang.reflect.Method.invoke(Unknown Source)
	at org.eclipse.equinox.launcher.Main.invokeFramework(Main.java:559)
	at org.eclipse.equinox.launcher.Main.basicRun(Main.java:514)
	at org.eclipse.equinox.launcher.Main.run(Main.java:1311)
	at org.eclipse.equinox.launcher.Main.main(Main.java:1287)

</failure>
      </testcase>
      <testcase name="testReferencedToDeclaredRootToRoot" classname="com.mentor.nucleus.bp.debug.engine.VerifierMessageTestGlobals" time="2.285">
        <failure>junit.framework.AssertionFailedError
	at junit.framework.Assert.fail(Assert.java:47)
	at junit.framework.Assert.assertTrue(Assert.java:20)
	at junit.framework.Assert.assertNotNull(Assert.java:217)
	at junit.framework.Assert.assertNotNull(Assert.java:210)
	at com.mentor.nucleus.bp.debug.engine.VerifierMessageTestGlobals.performMessageTestFromReference(VerifierMessageTestGlobals.java:174)
	at com.mentor.nucleus.bp.debug.engine.VerifierMessageTestGlobals.testReferencedToDeclaredRootToRoot(VerifierMessageTestGlobals.java:141)
	at sun.reflect.NativeMethodAccessorImpl.invoke0(Native Method)
	at sun.reflect.NativeMethodAccessorImpl.invoke(Unknown Source)
	at sun.reflect.DelegatingMethodAccessorImpl.invoke(Unknown Source)
	at java.lang.reflect.Method.invoke(Unknown Source)
	at junit.framework.TestCase.runTest(TestCase.java:164)
	at junit.framework.TestCase.runBare(TestCase.java:130)
	at junit.framework.TestResult$1.protect(TestResult.java:106)
	at junit.framework.TestResult.runProtected(TestResult.java:124)
	at junit.framework.TestResult.run(TestResult.java:109)
	at junit.framework.TestCase.run(TestCase.java:120)
	at junit.framework.TestSuite.runTest(TestSuite.java:230)
	at junit.framework.TestSuite.run(TestSuite.java:225)
	at junit.framework.TestSuite.runTest(TestSuite.java:230)
	at junit.framework.TestSuite.run(TestSuite.java:225)
	at org.eclipse.jdt.internal.junit.runner.junit3.JUnit3TestReference.run(JUnit3TestReference.java:130)
	at org.eclipse.jdt.internal.junit.runner.TestExecution.run(TestExecution.java:38)
	at org.eclipse.jdt.internal.junit.runner.RemoteTestRunner.runTests(RemoteTestRunner.java:467)
	at org.eclipse.jdt.internal.junit.runner.RemoteTestRunner.runTests(RemoteTestRunner.java:683)
	at org.eclipse.jdt.internal.junit.runner.RemoteTestRunner.run(RemoteTestRunner.java:390)
	at org.eclipse.pde.internal.junit.runtime.RemotePluginTestRunner.main(RemotePluginTestRunner.java:62)
	at org.eclipse.pde.internal.junit.runtime.UITestApplication$1.run(UITestApplication.java:114)
	at org.eclipse.swt.widgets.RunnableLock.run(RunnableLock.java:35)
	at org.eclipse.swt.widgets.Synchronizer.runAsyncMessages(Synchronizer.java:134)
	at org.eclipse.swt.widgets.Display.runAsyncMessages(Display.java:3885)
	at org.eclipse.swt.widgets.Display.readAndDispatch(Display.java:3506)
	at org.eclipse.ui.internal.Workbench.runEventLoop(Workbench.java:2405)
	at org.eclipse.ui.internal.Workbench.runUI(Workbench.java:2369)
	at org.eclipse.ui.internal.Workbench.access$4(Workbench.java:2221)
	at org.eclipse.ui.internal.Workbench$5.run(Workbench.java:500)
	at org.eclipse.core.databinding.observable.Realm.runWithDefault(Realm.java:332)
	at org.eclipse.ui.internal.Workbench.createAndRunWorkbench(Workbench.java:493)
	at org.eclipse.ui.PlatformUI.createAndRunWorkbench(PlatformUI.java:149)
	at org.eclipse.ui.internal.ide.application.IDEApplication.start(IDEApplication.java:113)
	at org.eclipse.pde.internal.junit.runtime.UITestApplication.start(UITestApplication.java:46)
	at org.eclipse.equinox.internal.app.EclipseAppHandle.run(EclipseAppHandle.java:194)
	at org.eclipse.core.runtime.internal.adaptor.EclipseAppLauncher.runApplication(EclipseAppLauncher.java:110)
	at org.eclipse.core.runtime.internal.adaptor.EclipseAppLauncher.start(EclipseAppLauncher.java:79)
	at org.eclipse.core.runtime.adaptor.EclipseStarter.run(EclipseStarter.java:368)
	at org.eclipse.core.runtime.adaptor.EclipseStarter.run(EclipseStarter.java:179)
	at sun.reflect.NativeMethodAccessorImpl.invoke0(Native Method)
	at sun.reflect.NativeMethodAccessorImpl.invoke(Unknown Source)
	at sun.reflect.DelegatingMethodAccessorImpl.invoke(Unknown Source)
	at java.lang.reflect.Method.invoke(Unknown Source)
	at org.eclipse.equinox.launcher.Main.invokeFramework(Main.java:559)
	at org.eclipse.equinox.launcher.Main.basicRun(Main.java:514)
	at org.eclipse.equinox.launcher.Main.run(Main.java:1311)
	at org.eclipse.equinox.launcher.Main.main(Main.java:1287)

</failure>
      </testcase>
      <testcase name="testReferencedToReferencedRootToRoot" classname="com.mentor.nucleus.bp.debug.engine.VerifierMessageTestGlobals" time="2.236">
        <failure>junit.framework.AssertionFailedError
	at junit.framework.Assert.fail(Assert.java:47)
	at junit.framework.Assert.assertTrue(Assert.java:20)
	at junit.framework.Assert.assertNotNull(Assert.java:217)
	at junit.framework.Assert.assertNotNull(Assert.java:210)
	at com.mentor.nucleus.bp.debug.engine.VerifierMessageTestGlobals.performMessageTestFromReference(VerifierMessageTestGlobals.java:174)
	at com.mentor.nucleus.bp.debug.engine.VerifierMessageTestGlobals.testReferencedToReferencedRootToRoot(VerifierMessageTestGlobals.java:149)
	at sun.reflect.NativeMethodAccessorImpl.invoke0(Native Method)
	at sun.reflect.NativeMethodAccessorImpl.invoke(Unknown Source)
	at sun.reflect.DelegatingMethodAccessorImpl.invoke(Unknown Source)
	at java.lang.reflect.Method.invoke(Unknown Source)
	at junit.framework.TestCase.runTest(TestCase.java:164)
	at junit.framework.TestCase.runBare(TestCase.java:130)
	at junit.framework.TestResult$1.protect(TestResult.java:106)
	at junit.framework.TestResult.runProtected(TestResult.java:124)
	at junit.framework.TestResult.run(TestResult.java:109)
	at junit.framework.TestCase.run(TestCase.java:120)
	at junit.framework.TestSuite.runTest(TestSuite.java:230)
	at junit.framework.TestSuite.run(TestSuite.java:225)
	at junit.framework.TestSuite.runTest(TestSuite.java:230)
	at junit.framework.TestSuite.run(TestSuite.java:225)
	at org.eclipse.jdt.internal.junit.runner.junit3.JUnit3TestReference.run(JUnit3TestReference.java:130)
	at org.eclipse.jdt.internal.junit.runner.TestExecution.run(TestExecution.java:38)
	at org.eclipse.jdt.internal.junit.runner.RemoteTestRunner.runTests(RemoteTestRunner.java:467)
	at org.eclipse.jdt.internal.junit.runner.RemoteTestRunner.runTests(RemoteTestRunner.java:683)
	at org.eclipse.jdt.internal.junit.runner.RemoteTestRunner.run(RemoteTestRunner.java:390)
	at org.eclipse.pde.internal.junit.runtime.RemotePluginTestRunner.main(RemotePluginTestRunner.java:62)
	at org.eclipse.pde.internal.junit.runtime.UITestApplication$1.run(UITestApplication.java:114)
	at org.eclipse.swt.widgets.RunnableLock.run(RunnableLock.java:35)
	at org.eclipse.swt.widgets.Synchronizer.runAsyncMessages(Synchronizer.java:134)
	at org.eclipse.swt.widgets.Display.runAsyncMessages(Display.java:3885)
	at org.eclipse.swt.widgets.Display.readAndDispatch(Display.java:3506)
	at org.eclipse.ui.internal.Workbench.runEventLoop(Workbench.java:2405)
	at org.eclipse.ui.internal.Workbench.runUI(Workbench.java:2369)
	at org.eclipse.ui.internal.Workbench.access$4(Workbench.java:2221)
	at org.eclipse.ui.internal.Workbench$5.run(Workbench.java:500)
	at org.eclipse.core.databinding.observable.Realm.runWithDefault(Realm.java:332)
	at org.eclipse.ui.internal.Workbench.createAndRunWorkbench(Workbench.java:493)
	at org.eclipse.ui.PlatformUI.createAndRunWorkbench(PlatformUI.java:149)
	at org.eclipse.ui.internal.ide.application.IDEApplication.start(IDEApplication.java:113)
	at org.eclipse.pde.internal.junit.runtime.UITestApplication.start(UITestApplication.java:46)
	at org.eclipse.equinox.internal.app.EclipseAppHandle.run(EclipseAppHandle.java:194)
	at org.eclipse.core.runtime.internal.adaptor.EclipseAppLauncher.runApplication(EclipseAppLauncher.java:110)
	at org.eclipse.core.runtime.internal.adaptor.EclipseAppLauncher.start(EclipseAppLauncher.java:79)
	at org.eclipse.core.runtime.adaptor.EclipseStarter.run(EclipseStarter.java:368)
	at org.eclipse.core.runtime.adaptor.EclipseStarter.run(EclipseStarter.java:179)
	at sun.reflect.NativeMethodAccessorImpl.invoke0(Native Method)
	at sun.reflect.NativeMethodAccessorImpl.invoke(Unknown Source)
	at sun.reflect.DelegatingMethodAccessorImpl.invoke(Unknown Source)
	at java.lang.reflect.Method.invoke(Unknown Source)
	at org.eclipse.equinox.launcher.Main.invokeFramework(Main.java:559)
	at org.eclipse.equinox.launcher.Main.basicRun(Main.java:514)
	at org.eclipse.equinox.launcher.Main.run(Main.java:1311)
	at org.eclipse.equinox.launcher.Main.main(Main.java:1287)

</failure>
      </testcase>
      <testcase name="testReferencedToReferencedJarredRootToRoot" classname="com.mentor.nucleus.bp.debug.engine.VerifierMessageTestGlobals" time="2.282">
        <failure>junit.framework.AssertionFailedError
	at junit.framework.Assert.fail(Assert.java:47)
	at junit.framework.Assert.assertTrue(Assert.java:20)
	at junit.framework.Assert.assertNotNull(Assert.java:217)
	at junit.framework.Assert.assertNotNull(Assert.java:210)
	at com.mentor.nucleus.bp.debug.engine.VerifierMessageTestGlobals.performMessageTestFromReference(VerifierMessageTestGlobals.java:174)
	at com.mentor.nucleus.bp.debug.engine.VerifierMessageTestGlobals.testReferencedToReferencedJarredRootToRoot(VerifierMessageTestGlobals.java:157)
	at sun.reflect.NativeMethodAccessorImpl.invoke0(Native Method)
	at sun.reflect.NativeMethodAccessorImpl.invoke(Unknown Source)
	at sun.reflect.DelegatingMethodAccessorImpl.invoke(Unknown Source)
	at java.lang.reflect.Method.invoke(Unknown Source)
	at junit.framework.TestCase.runTest(TestCase.java:164)
	at junit.framework.TestCase.runBare(TestCase.java:130)
	at junit.framework.TestResult$1.protect(TestResult.java:106)
	at junit.framework.TestResult.runProtected(TestResult.java:124)
	at junit.framework.TestResult.run(TestResult.java:109)
	at junit.framework.TestCase.run(TestCase.java:120)
	at junit.framework.TestSuite.runTest(TestSuite.java:230)
	at junit.framework.TestSuite.run(TestSuite.java:225)
	at junit.framework.TestSuite.runTest(TestSuite.java:230)
	at junit.framework.TestSuite.run(TestSuite.java:225)
	at org.eclipse.jdt.internal.junit.runner.junit3.JUnit3TestReference.run(JUnit3TestReference.java:130)
	at org.eclipse.jdt.internal.junit.runner.TestExecution.run(TestExecution.java:38)
	at org.eclipse.jdt.internal.junit.runner.RemoteTestRunner.runTests(RemoteTestRunner.java:467)
	at org.eclipse.jdt.internal.junit.runner.RemoteTestRunner.runTests(RemoteTestRunner.java:683)
	at org.eclipse.jdt.internal.junit.runner.RemoteTestRunner.run(RemoteTestRunner.java:390)
	at org.eclipse.pde.internal.junit.runtime.RemotePluginTestRunner.main(RemotePluginTestRunner.java:62)
	at org.eclipse.pde.internal.junit.runtime.UITestApplication$1.run(UITestApplication.java:114)
	at org.eclipse.swt.widgets.RunnableLock.run(RunnableLock.java:35)
	at org.eclipse.swt.widgets.Synchronizer.runAsyncMessages(Synchronizer.java:134)
	at org.eclipse.swt.widgets.Display.runAsyncMessages(Display.java:3885)
	at org.eclipse.swt.widgets.Display.readAndDispatch(Display.java:3506)
	at org.eclipse.ui.internal.Workbench.runEventLoop(Workbench.java:2405)
	at org.eclipse.ui.internal.Workbench.runUI(Workbench.java:2369)
	at org.eclipse.ui.internal.Workbench.access$4(Workbench.java:2221)
	at org.eclipse.ui.internal.Workbench$5.run(Workbench.java:500)
	at org.eclipse.core.databinding.observable.Realm.runWithDefault(Realm.java:332)
	at org.eclipse.ui.internal.Workbench.createAndRunWorkbench(Workbench.java:493)
	at org.eclipse.ui.PlatformUI.createAndRunWorkbench(PlatformUI.java:149)
	at org.eclipse.ui.internal.ide.application.IDEApplication.start(IDEApplication.java:113)
	at org.eclipse.pde.internal.junit.runtime.UITestApplication.start(UITestApplication.java:46)
	at org.eclipse.equinox.internal.app.EclipseAppHandle.run(EclipseAppHandle.java:194)
	at org.eclipse.core.runtime.internal.adaptor.EclipseAppLauncher.runApplication(EclipseAppLauncher.java:110)
	at org.eclipse.core.runtime.internal.adaptor.EclipseAppLauncher.start(EclipseAppLauncher.java:79)
	at org.eclipse.core.runtime.adaptor.EclipseStarter.run(EclipseStarter.java:368)
	at org.eclipse.core.runtime.adaptor.EclipseStarter.run(EclipseStarter.java:179)
	at sun.reflect.NativeMethodAccessorImpl.invoke0(Native Method)
	at sun.reflect.NativeMethodAccessorImpl.invoke(Unknown Source)
	at sun.reflect.DelegatingMethodAccessorImpl.invoke(Unknown Source)
	at java.lang.reflect.Method.invoke(Unknown Source)
	at org.eclipse.equinox.launcher.Main.invokeFramework(Main.java:559)
	at org.eclipse.equinox.launcher.Main.basicRun(Main.java:514)
	at org.eclipse.equinox.launcher.Main.run(Main.java:1311)
	at org.eclipse.equinox.launcher.Main.main(Main.java:1287)

</failure>
      </testcase>
    </testsuite>
    <testsuite name="com.mentor.nucleus.bp.debug.ui.test.realizedClasses.VerifierBindingAuditTest" time="10.29">
      <testcase name="testMenuEntryAbsent" classname="com.mentor.nucleus.bp.debug.ui.test.realizedClasses.VerifierBindingAuditTest" time="6.414"/>
      <testcase name="testRealizedCodeAudit" classname="com.mentor.nucleus.bp.debug.ui.test.realizedClasses.VerifierBindingAuditTest" time="3.876">
        <failure>
          <expected>Beginning binding check on package External Code Binding Test

Checking component realizations:
Checking component Realized
Component check on Realized complete.

Component check complete.


Checking interface realizations:
Checking interface ExceptionTestInterface Requirer to Provider
No matching realized message: BadArgumentList.
Realized message must accept the following arguments:
ComponentInstance_c, int, float, String, boolean, externalcodebindingtest.library.TestStructuredDataType
Realized message return type of BadReturnInteger (float) is not compatible with the expected return type (int).
Realized message return type of BadReturnString (boolean) is not compatible with the expected return type (java.lang.String).
Realized message return type of BadReturnReal (java.lang.String) is not compatible with the expected return type (float).
Realized message return type of BadReturnBoolean (int) is not compatible with the expected return type (boolean).
No matching realized message: UnexpectedInteger.
Realized message must accept the following arguments:
ComponentInstance_c, boolean
No matching realized message: UnexpectedString.
Realized message must accept the following arguments:
ComponentInstance_c, int
No matching realized message: UnexpectedBoolean.
Realized message must accept the following arguments:
ComponentInstance_c, int
No matching realized message: UnexpectedReal.
Realized message must accept the following arguments:
ComponentInstance_c, int
No matching realized message: UnexpectedBPInteger.
Realized message must accept the following arguments:
ComponentInstance_c, float
No matching realized message: UnexpectedBPString.
Realized message must accept the following arguments:
ComponentInstance_c, int
No matching realized message: UnexpectedBPBoolean.
Realized message must accept the following arguments:
ComponentInstance_c, int
No matching realized message: UnexpectedBPReal.
Realized message must accept the following arguments:
ComponentInstance_c, int
No matching realized message: MissingEnumeration.
Realized message must accept the following arguments:
ComponentInstance_c, externalcodebindingtest.library.MissingTestEnumeration
Interface check on ExceptionTestInterface Requirer to Provider complete.

Checking interface ExceptionTestInterface Provider to Requirer
Interface check on ExceptionTestInterface Provider to Requirer complete.

Interface check complete.


Checking data type realizations:
Checking data type MissingTestEnumeration
Enumerated type externalcodebindingtest.library.MissingTestEnumeration not found.
Checking data type Test Structured Data Type
Member Test Structured Data Type::Integer is public. Recommend providing read and write accessors.
Member Test Structured Data Type::Real is public. Recommend providing read and write accessors.
No matching member found for: Test Structured Data Type::String.
Member Test Structured Data Type::Boolean must be public or preferably, get and set accessors provided.
Data type check on Test Structured Data Type complete.

Checking data type TestEnumeration
Enumerated type externalcodebindingtest.library.TestEnumeration does not define Thursday.
Realized enumeration Torsdag does not have a modeled mapping.
Data type check complete.
Binding check on External Code Binding Test complete.

</expected>
          <actual>Beginning binding check on package External Code Binding Test

Checking component realizations:
Checking component Realized
No realized class found for Realized. Expected to find class: externalcodebindingtest.library.Realized.
Component check on Realized complete.

Component check complete.


Checking interface realizations:
Checking interface ExceptionTestInterface Requirer to Provider
No realized interface found for the provider direction of ExceptionTestInterface. Expected to find class: externalcodebindingtest.library.IExceptionTestInterfaceToProvider.
Interface check on ExceptionTestInterface Requirer to Provider complete.

Checking interface ExceptionTestInterface Provider to Requirer
No realized interface found for the requirer direction of ExceptionTestInterface. Expected to find class: externalcodebindingtest.library.IExceptionTestInterfaceFromProvider.
Interface check on ExceptionTestInterface Provider to Requirer complete.

Interface check complete.


Checking data type realizations:
Checking data type MissingTestEnumeration
Enumerated type externalcodebindingtest.library.MissingTestEnumeration not found.
Checking data type Test Structured Data Type
Realized class for Structured Data type externalcodebindingtest.library.TestStructuredDataType not found.
Data type check on Test Structured Data Type complete.

Checking data type TestEnumeration
Enumerated type externalcodebindingtest.library.TestEnumeration not found.
Data type check complete.
Binding check on External Code Binding Test complete.

</actual>junit.framework.ComparisonFailure: expected:&lt;...component Realized
[Component check on Realized complete.

Component check complete.


Checking interface realizations:
Checking interface ExceptionTestInterface Requirer to Provider
No matching realized message: BadArgumentList.
Realized message must accept the following arguments:
ComponentInstance_c, int, float, String, boolean, externalcodebindingtest.library.TestStructuredDataType
Realized message return type of BadReturnInteger (float) is not compatible with the expected return type (int).
Realized message return type of BadReturnString (boolean) is not compatible with the expected return type (java.lang.String).
Realized message return type of BadReturnReal (java.lang.String) is not compatible with the expected return type (float).
Realized message return type of BadReturnBoolean (int) is not compatible with the expected return type (boolean).
No matching realized message: UnexpectedInteger.
Realized message must accept the following arguments:
ComponentInstance_c, boolean
No matching realized message: UnexpectedString.
Realized message must accept the following arguments:
ComponentInstance_c, int
No matching realized message: UnexpectedBoolean.
Realized message must accept the following arguments:
ComponentInstance_c, int
No matching realized message: UnexpectedReal.
Realized message must accept the following arguments:
ComponentInstance_c, int
No matching realized message: UnexpectedBPInteger.
Realized message must accept the following arguments:
ComponentInstance_c, float
No matching realized message: UnexpectedBPString.
Realized message must accept the following arguments:
ComponentInstance_c, int
No matching realized message: UnexpectedBPBoolean.
Realized message must accept the following arguments:
ComponentInstance_c, int
No matching realized message: UnexpectedBPReal.
Realized message must accept the following arguments:
ComponentInstance_c, int
No matching realized message: MissingEnumeration.
Realized message must accept the following arguments:
ComponentInstance_c, externalcodebindingtest.library.MissingTestEnumeration
Interface check on ExceptionTestInterface Requirer to Provider complete.

Checking interface ExceptionTestInterface Provider to Requirer
Interface check on ExceptionTestInterface Provider to Requirer complete.

Interface check complete.


Checking data type realizations:
Checking data type MissingTestEnumeration
Enumerated type externalcodebindingtest.library.MissingTestEnumeration not found.
Checking data type Test Structured Data Type
Member Test Structured Data Type::Integer is public. Recommend providing read and write accessors.
Member Test Structured Data Type::Real is public. Recommend providing read and write accessors.
No matching member found for: Test Structured Data Type::String.
Member Test Structured Data Type::Boolean must be public or preferably, get and set accessors provided.
Data type check on Test Structured Data Type complete.

Checking data type TestEnumeration
Enumerated type externalcodebindingtest.library.TestEnumeration does not define Thursday.
Realized enumeration Torsdag does not have a modeled mapping].
Data type check c...&gt; but was:&lt;...component Realized
[No realized class found for Realized. Expected to find class: externalcodebindingtest.library.Realized.
Component check on Realized complete.

Component check complete.


Checking interface realizations:
Checking interface ExceptionTestInterface Requirer to Provider
No realized interface found for the provider direction of ExceptionTestInterface. Expected to find class: externalcodebindingtest.library.IExceptionTestInterfaceToProvider.
Interface check on ExceptionTestInterface Requirer to Provider complete.

Checking interface ExceptionTestInterface Provider to Requirer
No realized interface found for the requirer direction of ExceptionTestInterface. Expected to find class: externalcodebindingtest.library.IExceptionTestInterfaceFromProvider.
Interface check on ExceptionTestInterface Provider to Requirer complete.

Interface check complete.


Checking data type realizations:
Checking data type MissingTestEnumeration
Enumerated type externalcodebindingtest.library.MissingTestEnumeration not found.
Checking data type Test Structured Data Type
Realized class for Structured Data type externalcodebindingtest.library.TestStructuredDataType not found.
Data type check on Test Structured Data Type complete.

Checking data type TestEnumeration
Enumerated type externalcodebindingtest.library.TestEnumeration not found].
Data type check c...&gt;
	at junit.framework.Assert.assertEquals(Assert.java:81)
	at junit.framework.Assert.assertEquals(Assert.java:87)
	at com.mentor.nucleus.bp.debug.ui.test.realizedClasses.VerifierBindingAuditTest.testRealizedCodeAudit(VerifierBindingAuditTest.java:203)
	at sun.reflect.NativeMethodAccessorImpl.invoke0(Native Method)
	at sun.reflect.NativeMethodAccessorImpl.invoke(Unknown Source)
	at sun.reflect.DelegatingMethodAccessorImpl.invoke(Unknown Source)
	at java.lang.reflect.Method.invoke(Unknown Source)
	at junit.framework.TestCase.runTest(TestCase.java:164)
	at junit.framework.TestCase.runBare(TestCase.java:130)
	at junit.framework.TestResult$1.protect(TestResult.java:106)
	at junit.framework.TestResult.runProtected(TestResult.java:124)
	at junit.framework.TestResult.run(TestResult.java:109)
	at junit.framework.TestCase.run(TestCase.java:120)
	at junit.framework.TestSuite.runTest(TestSuite.java:230)
	at junit.framework.TestSuite.run(TestSuite.java:225)
	at junit.framework.TestSuite.runTest(TestSuite.java:230)
	at junit.framework.TestSuite.run(TestSuite.java:225)
	at org.eclipse.jdt.internal.junit.runner.junit3.JUnit3TestReference.run(JUnit3TestReference.java:130)
	at org.eclipse.jdt.internal.junit.runner.TestExecution.run(TestExecution.java:38)
	at org.eclipse.jdt.internal.junit.runner.RemoteTestRunner.runTests(RemoteTestRunner.java:467)
	at org.eclipse.jdt.internal.junit.runner.RemoteTestRunner.runTests(RemoteTestRunner.java:683)
	at org.eclipse.jdt.internal.junit.runner.RemoteTestRunner.run(RemoteTestRunner.java:390)
	at org.eclipse.pde.internal.junit.runtime.RemotePluginTestRunner.main(RemotePluginTestRunner.java:62)
	at org.eclipse.pde.internal.junit.runtime.UITestApplication$1.run(UITestApplication.java:114)
	at org.eclipse.swt.widgets.RunnableLock.run(RunnableLock.java:35)
	at org.eclipse.swt.widgets.Synchronizer.runAsyncMessages(Synchronizer.java:134)
	at org.eclipse.swt.widgets.Display.runAsyncMessages(Display.java:3885)
	at org.eclipse.swt.widgets.Display.readAndDispatch(Display.java:3506)
	at org.eclipse.ui.internal.Workbench.runEventLoop(Workbench.java:2405)
	at org.eclipse.ui.internal.Workbench.runUI(Workbench.java:2369)
	at org.eclipse.ui.internal.Workbench.access$4(Workbench.java:2221)
	at org.eclipse.ui.internal.Workbench$5.run(Workbench.java:500)
	at org.eclipse.core.databinding.observable.Realm.runWithDefault(Realm.java:332)
	at org.eclipse.ui.internal.Workbench.createAndRunWorkbench(Workbench.java:493)
	at org.eclipse.ui.PlatformUI.createAndRunWorkbench(PlatformUI.java:149)
	at org.eclipse.ui.internal.ide.application.IDEApplication.start(IDEApplication.java:113)
	at org.eclipse.pde.internal.junit.runtime.UITestApplication.start(UITestApplication.java:46)
	at org.eclipse.equinox.internal.app.EclipseAppHandle.run(EclipseAppHandle.java:194)
	at org.eclipse.core.runtime.internal.adaptor.EclipseAppLauncher.runApplication(EclipseAppLauncher.java:110)
	at org.eclipse.core.runtime.internal.adaptor.EclipseAppLauncher.start(EclipseAppLauncher.java:79)
	at org.eclipse.core.runtime.adaptor.EclipseStarter.run(EclipseStarter.java:368)
	at org.eclipse.core.runtime.adaptor.EclipseStarter.run(EclipseStarter.java:179)
	at sun.reflect.NativeMethodAccessorImpl.invoke0(Native Method)
	at sun.reflect.NativeMethodAccessorImpl.invoke(Unknown Source)
	at sun.reflect.DelegatingMethodAccessorImpl.invoke(Unknown Source)
	at java.lang.reflect.Method.invoke(Unknown Source)
	at org.eclipse.equinox.launcher.Main.invokeFramework(Main.java:559)
	at org.eclipse.equinox.launcher.Main.basicRun(Main.java:514)
	at org.eclipse.equinox.launcher.Main.run(Main.java:1311)
	at org.eclipse.equinox.launcher.Main.main(Main.java:1287)

</failure>
      </testcase>
    </testsuite>
    <testsuite name="com.mentor.nucleus.bp.debug.ui.test.realizedClasses.VerifierRealizedUDTTest" time="34.028">
      <testcase name="testRealizedUDTsInInterfaceOperations" classname="com.mentor.nucleus.bp.debug.ui.test.realizedClasses.VerifierRealizedUDTTest" time="19.095">
        <failure>
          <expected>User invoked function: performOperationTest
LogInfo:  RealizedUDTTest.testUDT PASSED
LogInfo:  RealizedUDTTest.returnTestUDT executed.
LogSuccess:  returnTestUDT: PASSED
LogInfo:  RealizedUDTTest.testUDT PASSED
LogInfo:  RealizedUDTTest.returnNestedTestUDT executed.
LogSuccess:  returnNestedTestUDT: PASSED
LogInfo:  RealizedUDTTest.testRealizedUDTNoAccessors PASSED
LogInfo:  RealizedUDTTest.returnRealizedUDTNoAccessors executed.
LogSuccess:  returnRealizedUDTNoAccessors: PASSED
LogInfo:  RealizedUDTTest.testNestedRealizedUDTNoAccessors PASSED
LogInfo:  RealizedUDTTest.returnNestedRealizedUDTNoAccessors executed.
LogSuccess:  returnNestedRealizedUDTNoAccessors: PASSED
LogInfo:  RealizedTestUDTWithAccessors setValue() executed.
LogInfo:  RealizedTestUDTWithAccessors getValue() executed.
LogInfo:  RealizedUDTTest.testRealizedUDTWithAccessors PASSED
LogInfo:  RealizedUDTTest.returnRealizedUDTWithAccessors executed.
LogInfo:  RealizedTestUDTWithAccessors setValue() executed.
LogInfo:  RealizedTestUDTWithAccessors getValue() executed.
LogSuccess:  returnRealizedUDTWithAccessors: PASSED
LogInfo:  RealizedTestUDTWithAccessors setValue() executed.
LogInfo:  RealizedTestUDTWithAccessors getValue() executed.
LogInfo:  RealizedUDTTest.testNestedRealizedUDTWithAccessors PASSED
LogInfo:  RealizedUDTTest.returnNestedRealizedUDTWithAccessors executed.
LogInfo:  RealizedTestUDTWithAccessors setValue() executed.
LogInfo:  RealizedTestUDTWithAccessors getValue() executed.
LogSuccess:  returnNestedRealizedUDTWithAccessors: PASSED
LogInfo:  RealizedTestUDTWithAccessors setValue() executed.
LogInfo:  RealizedTestUDTWithAccessors setValue() executed.
LogInfo:  RealizedTestUDTWithAccessors getValue() executed.
LogSuccess:  RealizedUDTTest.testSDTWithRealizedUDTs PASSED
LogInfo:  RealizedUDTTest.returnSDTWithRealizedUDTs executed.
LogInfo:  RealizedTestUDTWithAccessors setValue() executed.
LogInfo:  RealizedTestUDTWithAccessors setValue() executed.
LogInfo:  RealizedTestUDTWithAccessors getValue() executed.
LogInfo:  RealizedTestUDTWithAccessors getValue() executed.
LogSuccess:  returnSDTWithRealizedUDTs: PASSED
LogInfo:  RealizedTestUDTWithAccessors setValue() executed.
LogInfo:  RealizedTestUDTWithAccessors setValue() executed.
LogInfo:  RealizedTestUDTWithAccessors getValue() executed.
LogSuccess:  RealizedUDTTest.testNestedSDTWithRealizedUDTs PASSED
LogInfo:  RealizedUDTTest.returnNestedSDTWithRealizedUDTs executed.
LogInfo:  RealizedTestUDTWithAccessors setValue() executed.
LogInfo:  RealizedTestUDTWithAccessors setValue() executed.
LogInfo:  RealizedTestUDTWithAccessors getValue() executed.
LogInfo:  RealizedTestUDTWithAccessors getValue() executed.
LogSuccess:  returnSDTWithRealizedUDTs: PASSED
LogInfo:  RealizedUDTTest.testEnumeration PASSED
LogInfo:  RealizedUDTTest.returnTestEnumeration executed.
LogSuccess:  returnTestEnumeration: PASSED
LogInfo:  RealizedUDTTest.testNestedEnumeration PASSED
LogInfo:  RealizedUDTTest.returnNestedEnumeration executed.
LogSuccess:  returnNestedEnumeration: PASSED
LogInfo:  Beginning incoming calls test.
LogInfo:  Beginning incoming calls test execution.
LogInfo:  RealizedTestUDTWithAccessors setValue() executed.
LogInfo:  RealizedTestUDTWithAccessors setValue() executed.
LogSuccess:  TestUDT: PASSED
LogSuccess:  returnTestUDT: PASSED
LogSuccess:  returnNestedTestUDT: PASSED
LogSuccess:  returnRealizedUDTNoAccessors: PASSED
LogSuccess:  returnNestedRealizedUDTNoAccessors: PASSED
LogInfo:  RealizedTestUDTWithAccessors setValue() executed.
LogInfo:  RealizedTestUDTWithAccessors getValue() executed.
LogInfo:  RealizedTestUDTWithAccessors setValue() executed.
LogInfo:  RealizedTestUDTWithAccessors getValue() executed.
LogSuccess:  returnRealizedUDTWithAccessors: PASSED
LogInfo:  RealizedTestUDTWithAccessors setValue() executed.
LogInfo:  RealizedTestUDTWithAccessors getValue() executed.
LogInfo:  RealizedTestUDTWithAccessors setValue() executed.
LogInfo:  RealizedTestUDTWithAccessors getValue() executed.
LogSuccess:  returnNestedRealizedUDTWithAccessors: PASSED
LogInfo:  RealizedTestUDTWithAccessors getValue() executed.
LogInfo:  RealizedTestUDTWithAccessors getValue() executed.
LogInfo:  RealizedTestUDTWithAccessors setValue() executed.
LogInfo:  RealizedTestUDTWithAccessors setValue() executed.
LogInfo:  RealizedTestUDTWithAccessors getValue() executed.
LogInfo:  RealizedTestUDTWithAccessors getValue() executed.
LogSuccess:  returnSDTWithRealizedUDTs: PASSED
LogInfo:  RealizedTestUDTWithAccessors setValue() executed.
LogInfo:  RealizedTestUDTWithAccessors setValue() executed.
LogInfo:  RealizedTestUDTWithAccessors getValue() executed.
LogInfo:  RealizedTestUDTWithAccessors getValue() executed.
LogInfo:  RealizedTestUDTWithAccessors setValue() executed.
LogInfo:  RealizedTestUDTWithAccessors setValue() executed.
LogInfo:  RealizedTestUDTWithAccessors getValue() executed.
LogInfo:  RealizedTestUDTWithAccessors getValue() executed.
LogSuccess:  returnNestedSDTWithRealizedUDTs: PASSED
LogSuccess:  returnTestEnumeration: PASSED
LogSuccess:  returnNestedEnumeration: PASSED
</expected>
          <actual>User invoked function: performOperationTest
LogFailure:  returnTestUDT: Unexpected Value: 
LogInteger:  50
LogFailure:  returnNestedTestUDT: Unexpected Value: 
LogInteger:  30
LogReal:  40.0 returnRealizedUDTNoAccessors: Unexpected Value: 
LogReal:  20.0 returnNestedRealizedUDTNoAccessors: Unexpected Value: 
LogFailure:  returnRealizedUDTWithAccessors: Unexpected Value: false
LogFailure:  returnNestedRealizedUDTWithAccessors: Unexpected Value: false
Null instance access, Suspending. at VerifierRealizedUDTTest::Library::RealizedUDTTest::returnSDTWithRealizedUDTs
</actual>junit.framework.ComparisonFailure: expected:&lt;...rmOperationTest
Log[Info:  RealizedUDTTest.testUDT PASSED
LogInfo:  RealizedUDTTest.returnTestUDT executed.
LogSuccess:  returnTestUDT: PASSED
LogInfo:  RealizedUDTTest.testUDT PASSED
LogInfo:  RealizedUDTTest.returnNestedTestUDT executed.
LogSuccess:  returnNestedTestUDT: PASSED
LogInfo:  RealizedUDTTest.testRealizedUDTNoAccessors PASSED
LogInfo:  RealizedUDTTest.returnRealizedUDTNoAccessors executed.
LogSuccess:  returnRealizedUDTNoAccessors: PASSED
LogInfo:  RealizedUDTTest.testNestedRealizedUDTNoAccessors PASSED
LogInfo:  RealizedUDTTest.returnNestedRealizedUDTNoAccessors executed.
LogSuccess:  returnNestedRealizedUDTNoAccessors: PASSED
LogInfo:  RealizedTestUDTWithAccessors setValue() executed.
LogInfo:  RealizedTestUDTWithAccessors getValue() executed.
LogInfo:  RealizedUDTTest.testRealizedUDTWithAccessors PASSED
LogInfo:  RealizedUDTTest.returnRealizedUDTWithAccessors executed.
LogInfo:  RealizedTestUDTWithAccessors setValue() executed.
LogInfo:  RealizedTestUDTWithAccessors getValue() executed.
LogSuccess:  returnRealizedUDTWithAccessors: PASSED
LogInfo:  RealizedTestUDTWithAccessors setValue() executed.
LogInfo:  RealizedTestUDTWithAccessors getValue() executed.
LogInfo:  RealizedUDTTest.testNestedRealizedUDTWithAccessors PASSED
LogInfo:  RealizedUDTTest.returnNestedRealizedUDTWithAccessors executed.
LogInfo:  RealizedTestUDTWithAccessors setValue() executed.
LogInfo:  RealizedTestUDTWithAccessors getValue() executed.
LogSuccess:  returnNestedRealizedUDTWithAccessors: PASSED
LogInfo:  RealizedTestUDTWithAccessors setValue() executed.
LogInfo:  RealizedTestUDTWithAccessors setValue() executed.
LogInfo:  RealizedTestUDTWithAccessors getValue() executed.
LogSuccess:  RealizedUDTTest.testSDTWithRealizedUDTs PASSED
LogInfo:  RealizedUDTTest.returnSDTWithRealizedUDTs executed.
LogInfo:  RealizedTestUDTWithAccessors setValue() executed.
LogInfo:  RealizedTestUDTWithAccessors setValue() executed.
LogInfo:  RealizedTestUDTWithAccessors getValue() executed.
LogInfo:  RealizedTestUDTWithAccessors getValue() executed.
LogSuccess:  returnSDTWithRealizedUDTs: PASSED
LogInfo:  RealizedTestUDTWithAccessors setValue() executed.
LogInfo:  RealizedTestUDTWithAccessors setValue() executed.
LogInfo:  RealizedTestUDTWithAccessors getValue() executed.
LogSuccess:  RealizedUDTTest.testNestedSDTWithRealizedUDTs PASSED
LogInfo:  RealizedUDTTest.returnNestedSDTWithRealizedUDTs executed.
LogInfo:  RealizedTestUDTWithAccessors setValue() executed.
LogInfo:  RealizedTestUDTWithAccessors setValue() executed.
LogInfo:  RealizedTestUDTWithAccessors getValue() executed.
LogInfo:  RealizedTestUDTWithAccessors getValue() executed.
LogSuccess:  returnSDTWithRealizedUDTs: PASSED
LogInfo:  RealizedUDTTest.testEnumeration PASSED
LogInfo:  RealizedUDTTest.returnTestEnumeration executed.
LogSuccess:  returnTestEnumeration: PASSED
LogInfo:  RealizedUDTTest.testNestedEnumeration PASSED
LogInfo:  RealizedUDTTest.returnNestedEnumeration executed.
LogSuccess:  returnNestedEnumeration: PASSED
LogInfo:  Beginning incoming calls test.
LogInfo:  Beginning incoming calls test execution.
LogInfo:  RealizedTestUDTWithAccessors setValue() executed.
LogInfo:  RealizedTestUDTWithAccessors setValue() executed.
LogSuccess:  TestUDT: PASSED
LogSuccess:  returnTestUDT: PASSED
LogSuccess:  returnNestedTestUDT: PASSED
LogSuccess:  returnRealizedUDTNoAccessors: PASSED
LogSuccess:  returnNestedRealizedUDTNoAccessors: PASSED
LogInfo:  RealizedTestUDTWithAccessors setValue() executed.
LogInfo:  RealizedTestUDTWithAccessors getValue() executed.
LogInfo:  RealizedTestUDTWithAccessors setValue() executed.
LogInfo:  RealizedTestUDTWithAccessors getValue() executed.
LogSuccess:  returnRealizedUDTWithAccessors: PASSED
LogInfo:  RealizedTestUDTWithAccessors setValue() executed.
LogInfo:  RealizedTestUDTWithAccessors getValue() executed.
LogInfo:  RealizedTestUDTWithAccessors setValue() executed.
LogInfo:  RealizedTestUDTWithAccessors getValue() executed.
LogSuccess:  returnNestedRealizedUDTWithAccessors: PASSED
LogInfo:  RealizedTestUDTWithAccessors getValue() executed.
LogInfo:  RealizedTestUDTWithAccessors getValue() executed.
LogInfo:  RealizedTestUDTWithAccessors setValue() executed.
LogInfo:  RealizedTestUDTWithAccessors setValue() executed.
LogInfo:  RealizedTestUDTWithAccessors getValue() executed.
LogInfo:  RealizedTestUDTWithAccessors getValue() executed.
LogSuccess:  returnSDTWithRealizedUDTs: PASSED
LogInfo:  RealizedTestUDTWithAccessors setValue() executed.
LogInfo:  RealizedTestUDTWithAccessors setValue() executed.
LogInfo:  RealizedTestUDTWithAccessors getValue() executed.
LogInfo:  RealizedTestUDTWithAccessors getValue() executed.
LogInfo:  RealizedTestUDTWithAccessors setValue() executed.
LogInfo:  RealizedTestUDTWithAccessors setValue() executed.
LogInfo:  RealizedTestUDTWithAccessors getValue() executed.
LogInfo:  RealizedTestUDTWithAccessors getValue() executed.
LogSuccess:  returnNestedSDTWithRealizedUDTs: PASSED
LogSuccess:  returnTestEnumeration: PASSED
LogSuccess:  returnNestedEnumeration: PASSED]
&gt; but was:&lt;...rmOperationTest
Log[Failure:  returnTestUDT: Unexpected Value: 
LogInteger:  50
LogFailure:  returnNestedTestUDT: Unexpected Value: 
LogInteger:  30
LogReal:  40.0 returnRealizedUDTNoAccessors: Unexpected Value: 
LogReal:  20.0 returnNestedRealizedUDTNoAccessors: Unexpected Value: 
LogFailure:  returnRealizedUDTWithAccessors: Unexpected Value: false
LogFailure:  returnNestedRealizedUDTWithAccessors: Unexpected Value: false
Null instance access, Suspending. at VerifierRealizedUDTTest::Library::RealizedUDTTest::returnSDTWithRealizedUDTs]
&gt;
	at junit.framework.Assert.assertEquals(Assert.java:81)
	at junit.framework.Assert.assertEquals(Assert.java:87)
	at com.mentor.nucleus.bp.debug.ui.test.realizedClasses.VerifierRealizedUDTTest.testRealizedUDTsInInterfaceOperations(VerifierRealizedUDTTest.java:138)
	at sun.reflect.NativeMethodAccessorImpl.invoke0(Native Method)
	at sun.reflect.NativeMethodAccessorImpl.invoke(Unknown Source)
	at sun.reflect.DelegatingMethodAccessorImpl.invoke(Unknown Source)
	at java.lang.reflect.Method.invoke(Unknown Source)
	at junit.framework.TestCase.runTest(TestCase.java:164)
	at junit.framework.TestCase.runBare(TestCase.java:130)
	at junit.framework.TestResult$1.protect(TestResult.java:106)
	at junit.framework.TestResult.runProtected(TestResult.java:124)
	at junit.framework.TestResult.run(TestResult.java:109)
	at junit.framework.TestCase.run(TestCase.java:120)
	at junit.framework.TestSuite.runTest(TestSuite.java:230)
	at junit.framework.TestSuite.run(TestSuite.java:225)
	at junit.framework.TestSuite.runTest(TestSuite.java:230)
	at junit.framework.TestSuite.run(TestSuite.java:225)
	at org.eclipse.jdt.internal.junit.runner.junit3.JUnit3TestReference.run(JUnit3TestReference.java:130)
	at org.eclipse.jdt.internal.junit.runner.TestExecution.run(TestExecution.java:38)
	at org.eclipse.jdt.internal.junit.runner.RemoteTestRunner.runTests(RemoteTestRunner.java:467)
	at org.eclipse.jdt.internal.junit.runner.RemoteTestRunner.runTests(RemoteTestRunner.java:683)
	at org.eclipse.jdt.internal.junit.runner.RemoteTestRunner.run(RemoteTestRunner.java:390)
	at org.eclipse.pde.internal.junit.runtime.RemotePluginTestRunner.main(RemotePluginTestRunner.java:62)
	at org.eclipse.pde.internal.junit.runtime.UITestApplication$1.run(UITestApplication.java:114)
	at org.eclipse.swt.widgets.RunnableLock.run(RunnableLock.java:35)
	at org.eclipse.swt.widgets.Synchronizer.runAsyncMessages(Synchronizer.java:134)
	at org.eclipse.swt.widgets.Display.runAsyncMessages(Display.java:3885)
	at org.eclipse.swt.widgets.Display.readAndDispatch(Display.java:3506)
	at org.eclipse.ui.internal.Workbench.runEventLoop(Workbench.java:2405)
	at org.eclipse.ui.internal.Workbench.runUI(Workbench.java:2369)
	at org.eclipse.ui.internal.Workbench.access$4(Workbench.java:2221)
	at org.eclipse.ui.internal.Workbench$5.run(Workbench.java:500)
	at org.eclipse.core.databinding.observable.Realm.runWithDefault(Realm.java:332)
	at org.eclipse.ui.internal.Workbench.createAndRunWorkbench(Workbench.java:493)
	at org.eclipse.ui.PlatformUI.createAndRunWorkbench(PlatformUI.java:149)
	at org.eclipse.ui.internal.ide.application.IDEApplication.start(IDEApplication.java:113)
	at org.eclipse.pde.internal.junit.runtime.UITestApplication.start(UITestApplication.java:46)
	at org.eclipse.equinox.internal.app.EclipseAppHandle.run(EclipseAppHandle.java:194)
	at org.eclipse.core.runtime.internal.adaptor.EclipseAppLauncher.runApplication(EclipseAppLauncher.java:110)
	at org.eclipse.core.runtime.internal.adaptor.EclipseAppLauncher.start(EclipseAppLauncher.java:79)
	at org.eclipse.core.runtime.adaptor.EclipseStarter.run(EclipseStarter.java:368)
	at org.eclipse.core.runtime.adaptor.EclipseStarter.run(EclipseStarter.java:179)
	at sun.reflect.NativeMethodAccessorImpl.invoke0(Native Method)
	at sun.reflect.NativeMethodAccessorImpl.invoke(Unknown Source)
	at sun.reflect.DelegatingMethodAccessorImpl.invoke(Unknown Source)
	at java.lang.reflect.Method.invoke(Unknown Source)
	at org.eclipse.equinox.launcher.Main.invokeFramework(Main.java:559)
	at org.eclipse.equinox.launcher.Main.basicRun(Main.java:514)
	at org.eclipse.equinox.launcher.Main.run(Main.java:1311)
	at org.eclipse.equinox.launcher.Main.main(Main.java:1287)

</failure>
      </testcase>
      <testcase name="testRealizedUDTsInSignals" classname="com.mentor.nucleus.bp.debug.ui.test.realizedClasses.VerifierRealizedUDTTest" time="14.933">
        <failure>junit.framework.AssertionFailedError: Incorrect number of pass reports, expected 21 was 1
	at junit.framework.Assert.fail(Assert.java:47)
	at junit.framework.Assert.assertTrue(Assert.java:20)
	at com.mentor.nucleus.bp.debug.ui.test.realizedClasses.VerifierRealizedUDTTest.testRealizedUDTsInSignals(VerifierRealizedUDTTest.java:152)
	at sun.reflect.NativeMethodAccessorImpl.invoke0(Native Method)
	at sun.reflect.NativeMethodAccessorImpl.invoke(Unknown Source)
	at sun.reflect.DelegatingMethodAccessorImpl.invoke(Unknown Source)
	at java.lang.reflect.Method.invoke(Unknown Source)
	at junit.framework.TestCase.runTest(TestCase.java:164)
	at junit.framework.TestCase.runBare(TestCase.java:130)
	at junit.framework.TestResult$1.protect(TestResult.java:106)
	at junit.framework.TestResult.runProtected(TestResult.java:124)
	at junit.framework.TestResult.run(TestResult.java:109)
	at junit.framework.TestCase.run(TestCase.java:120)
	at junit.framework.TestSuite.runTest(TestSuite.java:230)
	at junit.framework.TestSuite.run(TestSuite.java:225)
	at junit.framework.TestSuite.runTest(TestSuite.java:230)
	at junit.framework.TestSuite.run(TestSuite.java:225)
	at org.eclipse.jdt.internal.junit.runner.junit3.JUnit3TestReference.run(JUnit3TestReference.java:130)
	at org.eclipse.jdt.internal.junit.runner.TestExecution.run(TestExecution.java:38)
	at org.eclipse.jdt.internal.junit.runner.RemoteTestRunner.runTests(RemoteTestRunner.java:467)
	at org.eclipse.jdt.internal.junit.runner.RemoteTestRunner.runTests(RemoteTestRunner.java:683)
	at org.eclipse.jdt.internal.junit.runner.RemoteTestRunner.run(RemoteTestRunner.java:390)
	at org.eclipse.pde.internal.junit.runtime.RemotePluginTestRunner.main(RemotePluginTestRunner.java:62)
	at org.eclipse.pde.internal.junit.runtime.UITestApplication$1.run(UITestApplication.java:114)
	at org.eclipse.swt.widgets.RunnableLock.run(RunnableLock.java:35)
	at org.eclipse.swt.widgets.Synchronizer.runAsyncMessages(Synchronizer.java:134)
	at org.eclipse.swt.widgets.Display.runAsyncMessages(Display.java:3885)
	at org.eclipse.swt.widgets.Display.readAndDispatch(Display.java:3506)
	at org.eclipse.ui.internal.Workbench.runEventLoop(Workbench.java:2405)
	at org.eclipse.ui.internal.Workbench.runUI(Workbench.java:2369)
	at org.eclipse.ui.internal.Workbench.access$4(Workbench.java:2221)
	at org.eclipse.ui.internal.Workbench$5.run(Workbench.java:500)
	at org.eclipse.core.databinding.observable.Realm.runWithDefault(Realm.java:332)
	at org.eclipse.ui.internal.Workbench.createAndRunWorkbench(Workbench.java:493)
	at org.eclipse.ui.PlatformUI.createAndRunWorkbench(PlatformUI.java:149)
	at org.eclipse.ui.internal.ide.application.IDEApplication.start(IDEApplication.java:113)
	at org.eclipse.pde.internal.junit.runtime.UITestApplication.start(UITestApplication.java:46)
	at org.eclipse.equinox.internal.app.EclipseAppHandle.run(EclipseAppHandle.java:194)
	at org.eclipse.core.runtime.internal.adaptor.EclipseAppLauncher.runApplication(EclipseAppLauncher.java:110)
	at org.eclipse.core.runtime.internal.adaptor.EclipseAppLauncher.start(EclipseAppLauncher.java:79)
	at org.eclipse.core.runtime.adaptor.EclipseStarter.run(EclipseStarter.java:368)
	at org.eclipse.core.runtime.adaptor.EclipseStarter.run(EclipseStarter.java:179)
	at sun.reflect.NativeMethodAccessorImpl.invoke0(Native Method)
	at sun.reflect.NativeMethodAccessorImpl.invoke(Unknown Source)
	at sun.reflect.DelegatingMethodAccessorImpl.invoke(Unknown Source)
	at java.lang.reflect.Method.invoke(Unknown Source)
	at org.eclipse.equinox.launcher.Main.invokeFramework(Main.java:559)
	at org.eclipse.equinox.launcher.Main.basicRun(Main.java:514)
	at org.eclipse.equinox.launcher.Main.run(Main.java:1311)
	at org.eclipse.equinox.launcher.Main.main(Main.java:1287)

</failure>
      </testcase>
    </testsuite>
    <testsuite name="com.mentor.nucleus.bp.debug.test.VerifierUDTAsUDTInitializationTests" time="5.336">
      <testcase name="testUDTAsSDTIntialization" classname="com.mentor.nucleus.bp.debug.test.VerifierUDTAsUDTInitializationTests" time="5.336"/>
    </testsuite>
  </testsuite>
</testrun>
